00:00:04.907 INFO  vert.x-eventloop-thread-0 BaseServiceProxy     : -> GET /v1/api/tickle,200|595ms
00:00:04.907 DEBUG vert.x-eventloop-thread-0 ClientPortalService  : tickle {"session":"61ca13192356386a72bc91021239fe61","ssoExpires":451209,"collission":false,"userId":59143911,"iserver":{"tickle":true,"authStatus":{"authenticated":false,"competing":false,"connected":false,"MAC":"F4:03:43:DB:84:00"}}}
00:00:35.200 INFO  vert.x-eventloop-thread-0 BaseServiceProxy     : -> GET /v1/api/tickle,200|885ms
00:00:35.200 DEBUG vert.x-eventloop-thread-0 ClientPortalService  : tickle {"session":"61ca13192356386a72bc91021239fe61","ssoExpires":420914,"collission":false,"userId":59143911,"iserver":{"tickle":true,"authStatus":{"authenticated":false,"competing":false,"connected":false,"MAC":"F4:03:43:DB:84:00"}}}
00:01:04.897 INFO  vert.x-eventloop-thread-0 BaseServiceProxy     : -> GET /v1/api/tickle,200|596ms
00:01:04.897 DEBUG vert.x-eventloop-thread-0 ClientPortalService  : tickle {"session":"61ca13192356386a72bc91021239fe61","ssoExpires":391215,"collission":false,"userId":59143911,"iserver":{"tickle":true,"authStatus":{"authenticated":false,"competing":false,"connected":false,"MAC":"F4:03:43:DB:84:00"}}}
00:01:34.914 INFO  vert.x-eventloop-thread-0 BaseServiceProxy     : -> GET /v1/api/tickle,200|609ms
00:01:34.914 DEBUG vert.x-eventloop-thread-0 ClientPortalService  : tickle {"session":"61ca13192356386a72bc91021239fe61","ssoExpires":361201,"collission":false,"userId":59143911,"iserver":{"tickle":true,"authStatus":{"authenticated":false,"competing":false,"connected":false,"MAC":"F4:03:43:DB:84:00"}}}
00:02:04.893 INFO  vert.x-eventloop-thread-0 BaseServiceProxy     : -> GET /v1/api/tickle,200|580ms
00:02:04.893 DEBUG vert.x-eventloop-thread-0 ClientPortalService  : tickle {"session":"61ca13192356386a72bc91021239fe61","ssoExpires":331217,"collission":false,"userId":59143911,"iserver":{"tickle":true,"authStatus":{"authenticated":false,"competing":false,"connected":false,"MAC":"F4:03:43:DB:84:00"}}}
00:02:35.114 INFO  vert.x-eventloop-thread-0 BaseServiceProxy     : -> GET /v1/api/tickle,200|804ms
00:02:35.114 DEBUG vert.x-eventloop-thread-0 ClientPortalService  : tickle {"session":"61ca13192356386a72bc91021239fe61","ssoExpires":301001,"collission":false,"userId":59143911,"iserver":{"tickle":true,"authStatus":{"authenticated":false,"competing":false,"connected":false,"MAC":"F4:03:43:DB:84:00"}}}
00:03:04.935 INFO  vert.x-eventloop-thread-0 BaseServiceProxy     : -> GET /v1/api/tickle,200|622ms
00:03:04.935 DEBUG vert.x-eventloop-thread-0 ClientPortalService  : tickle {"session":"61ca13192356386a72bc91021239fe61","ssoExpires":271175,"collission":false,"userId":59143911,"iserver":{"tickle":true,"authStatus":{"authenticated":false,"competing":false,"connected":false,"MAC":"F4:03:43:DB:84:00"}}}
00:03:35.162 INFO  vert.x-eventloop-thread-0 BaseServiceProxy     : -> GET /v1/api/tickle,200|856ms
00:03:35.162 DEBUG vert.x-eventloop-thread-0 ClientPortalService  : tickle {"session":"61ca13192356386a72bc91021239fe61","ssoExpires":240949,"collission":false,"userId":59143911,"iserver":{"tickle":true,"authStatus":{"authenticated":false,"competing":false,"connected":false,"MAC":"F4:03:43:DB:84:00"}}}
00:04:04.892 INFO  vert.x-eventloop-thread-0 BaseServiceProxy     : -> GET /v1/api/tickle,200|589ms
00:04:04.892 DEBUG vert.x-eventloop-thread-0 ClientPortalService  : tickle {"session":"61ca13192356386a72bc91021239fe61","ssoExpires":211219,"collission":false,"userId":59143911,"iserver":{"tickle":true,"authStatus":{"authenticated":false,"competing":false,"connected":false,"MAC":"F4:03:43:DB:84:00"}}}
00:04:30.882 INFO  vert.x-eventloop-thread-0 BaseServiceProxy     : -> GET /sso/ping,200|1006ms
00:04:30.882 INFO  vert.x-eventloop-thread-0 SsoService           : sso ping {"result": "true"}
00:04:34.482 INFO  vert.x-eventloop-thread-0 BaseServiceProxy     : -> GET /v1/api/tickle,200|174ms
00:04:34.482 DEBUG vert.x-eventloop-thread-0 ClientPortalService  : tickle {"session":"61ca13192356386a72bc91021239fe61","ssoExpires":181650,"collission":false,"userId":59143911,"iserver":{"tickle":true,"authStatus":{"authenticated":false,"competing":false,"connected":false,"MAC":"F4:03:43:DB:84:00"}}}
00:05:05.189 INFO  vert.x-eventloop-thread-0 BaseServiceProxy     : -> GET /v1/api/tickle,200|887ms
00:05:05.189 DEBUG vert.x-eventloop-thread-0 ClientPortalService  : tickle {"session":"61ca13192356386a72bc91021239fe61","ssoExpires":150919,"collission":false,"userId":59143911,"iserver":{"tickle":true,"authStatus":{"authenticated":false,"competing":false,"connected":false,"MAC":"F4:03:43:DB:84:00"}}}
00:05:34.920 INFO  vert.x-eventloop-thread-0 BaseServiceProxy     : -> GET /v1/api/tickle,200|612ms
00:05:34.920 DEBUG vert.x-eventloop-thread-0 ClientPortalService  : tickle {"session":"61ca13192356386a72bc91021239fe61","ssoExpires":121183,"collission":false,"userId":59143911,"iserver":{"tickle":true,"authStatus":{"authenticated":false,"competing":false,"connected":false,"MAC":"F4:03:43:DB:84:00"}}}
00:06:04.926 INFO  vert.x-eventloop-thread-0 BaseServiceProxy     : -> GET /v1/api/tickle,200|618ms
00:06:04.926 DEBUG vert.x-eventloop-thread-0 ClientPortalService  : tickle {"session":"61ca13192356386a72bc91021239fe61","ssoExpires":91178,"collission":false,"userId":59143911,"iserver":{"tickle":true,"authStatus":{"authenticated":false,"competing":false,"connected":false,"MAC":"F4:03:43:DB:84:00"}}}
00:06:34.949 INFO  vert.x-eventloop-thread-0 BaseServiceProxy     : -> GET /v1/api/tickle,200|640ms
00:06:34.949 DEBUG vert.x-eventloop-thread-0 ClientPortalService  : tickle {"session":"61ca13192356386a72bc91021239fe61","ssoExpires":61155,"collission":false,"userId":59143911,"iserver":{"tickle":true,"authStatus":{"authenticated":false,"competing":false,"connected":false,"MAC":"F4:03:43:DB:84:00"}}}
00:07:05.200 INFO  vert.x-eventloop-thread-0 BaseServiceProxy     : -> GET /v1/api/tickle,200|892ms
00:07:05.200 DEBUG vert.x-eventloop-thread-0 ClientPortalService  : tickle {"session":"61ca13192356386a72bc91021239fe61","ssoExpires":30900,"collission":false,"userId":59143911,"iserver":{"tickle":true,"authStatus":{"authenticated":false,"competing":false,"connected":false,"MAC":"F4:03:43:DB:84:00"}}}
00:07:34.895 INFO  vert.x-eventloop-thread-0 BaseServiceProxy     : -> GET /v1/api/tickle,200|591ms
00:07:34.895 DEBUG vert.x-eventloop-thread-0 ClientPortalService  : tickle {"session":"61ca13192356386a72bc91021239fe61","ssoExpires":1206,"collission":false,"userId":59143911,"iserver":{"tickle":true,"authStatus":{"authenticated":false,"competing":false,"connected":false,"MAC":"F4:03:43:DB:84:00"}}}
00:08:04.887 INFO  vert.x-eventloop-thread-0 BaseServiceProxy     : -> GET /v1/api/tickle,200|582ms
00:08:04.887 DEBUG vert.x-eventloop-thread-0 ClientPortalService  : tickle {"session":"61ca13192356386a72bc91021239fe61","ssoExpires":0,"collission":false,"userId":59143911,"iserver":{"tickle":true,"authStatus":{"authenticated":false,"competing":false,"connected":false,"MAC":"F4:03:43:DB:84:00"}}}
00:08:34.887 INFO  vert.x-eventloop-thread-0 BaseServiceProxy     : -> GET /v1/api/tickle,200|585ms
00:08:34.887 DEBUG vert.x-eventloop-thread-0 ClientPortalService  : tickle {"session":"61ca13192356386a72bc91021239fe61","ssoExpires":571751,"collission":false,"userId":59143911,"iserver":{"tickle":true,"authStatus":{"authenticated":false,"competing":false,"connected":false,"MAC":"F4:03:43:DB:84:00"}}}
00:09:04.901 INFO  vert.x-eventloop-thread-0 BaseServiceProxy     : -> GET /v1/api/tickle,200|599ms
00:09:04.901 DEBUG vert.x-eventloop-thread-0 ClientPortalService  : tickle {"session":"61ca13192356386a72bc91021239fe61","ssoExpires":541738,"collission":false,"userId":59143911,"iserver":{"tickle":true,"authStatus":{"authenticated":false,"competing":false,"connected":false,"MAC":"F4:03:43:DB:84:00"}}}
00:09:30.876 INFO  vert.x-eventloop-thread-0 BaseServiceProxy     : -> GET /sso/ping,200|997ms
00:09:30.876 INFO  vert.x-eventloop-thread-0 SsoService           : sso ping {"result": "true"}
00:09:34.481 INFO  vert.x-eventloop-thread-0 BaseServiceProxy     : -> GET /v1/api/tickle,200|165ms
00:09:34.481 DEBUG vert.x-eventloop-thread-0 ClientPortalService  : tickle {"session":"61ca13192356386a72bc91021239fe61","ssoExpires":512171,"collission":false,"userId":59143911,"iserver":{"tickle":true,"authStatus":{"authenticated":false,"competing":false,"connected":false,"MAC":"F4:03:43:DB:84:00"}}}
00:10:05.204 INFO  vert.x-eventloop-thread-0 BaseServiceProxy     : -> GET /v1/api/tickle,200|895ms
00:10:05.204 DEBUG vert.x-eventloop-thread-0 ClientPortalService  : tickle {"session":"61ca13192356386a72bc91021239fe61","ssoExpires":481432,"collission":false,"userId":59143911,"iserver":{"tickle":true,"authStatus":{"authenticated":false,"competing":false,"connected":false,"MAC":"F4:03:43:DB:84:00"}}}
00:10:34.936 INFO  vert.x-eventloop-thread-0 BaseServiceProxy     : -> GET /v1/api/tickle,200|624ms
00:10:34.936 DEBUG vert.x-eventloop-thread-0 ClientPortalService  : tickle {"session":"61ca13192356386a72bc91021239fe61","ssoExpires":451698,"collission":false,"userId":59143911,"iserver":{"tickle":true,"authStatus":{"authenticated":false,"competing":false,"connected":false,"MAC":"F4:03:43:DB:84:00"}}}
00:11:04.934 INFO  vert.x-eventloop-thread-0 BaseServiceProxy     : -> GET /v1/api/tickle,200|622ms
00:11:04.934 DEBUG vert.x-eventloop-thread-0 ClientPortalService  : tickle {"session":"61ca13192356386a72bc91021239fe61","ssoExpires":421701,"collission":false,"userId":59143911,"iserver":{"tickle":true,"authStatus":{"authenticated":false,"competing":false,"connected":false,"MAC":"F4:03:43:DB:84:00"}}}
00:11:34.920 INFO  vert.x-eventloop-thread-0 BaseServiceProxy     : -> GET /v1/api/tickle,200|619ms
00:11:34.920 DEBUG vert.x-eventloop-thread-0 ClientPortalService  : tickle {"session":"61ca13192356386a72bc91021239fe61","ssoExpires":391715,"collission":false,"userId":59143911,"iserver":{"tickle":true,"authStatus":{"authenticated":false,"competing":false,"connected":false,"MAC":"F4:03:43:DB:84:00"}}}
00:12:05.088 INFO  vert.x-eventloop-thread-0 BaseServiceProxy     : -> GET /v1/api/tickle,200|779ms
00:12:05.088 DEBUG vert.x-eventloop-thread-0 ClientPortalService  : tickle {"session":"61ca13192356386a72bc91021239fe61","ssoExpires":361541,"collission":false,"userId":59143911,"iserver":{"tickle":true,"authStatus":{"authenticated":false,"competing":false,"connected":false,"MAC":"F4:03:43:DB:84:00"}}}
00:12:34.935 INFO  vert.x-eventloop-thread-0 BaseServiceProxy     : -> GET /v1/api/tickle,200|625ms
00:12:34.935 DEBUG vert.x-eventloop-thread-0 ClientPortalService  : tickle {"session":"61ca13192356386a72bc91021239fe61","ssoExpires":331697,"collission":false,"userId":59143911,"iserver":{"tickle":true,"authStatus":{"authenticated":false,"competing":false,"connected":false,"MAC":"F4:03:43:DB:84:00"}}}
00:13:05.178 INFO  vert.x-eventloop-thread-0 BaseServiceProxy     : -> GET /v1/api/tickle,200|873ms
00:13:05.178 DEBUG vert.x-eventloop-thread-0 ClientPortalService  : tickle {"session":"61ca13192356386a72bc91021239fe61","ssoExpires":301453,"collission":false,"userId":59143911,"iserver":{"tickle":true,"authStatus":{"authenticated":false,"competing":false,"connected":false,"MAC":"F4:03:43:DB:84:00"}}}
00:13:34.916 INFO  vert.x-eventloop-thread-0 BaseServiceProxy     : -> GET /v1/api/tickle,200|603ms
00:13:34.916 DEBUG vert.x-eventloop-thread-0 ClientPortalService  : tickle {"session":"61ca13192356386a72bc91021239fe61","ssoExpires":271714,"collission":false,"userId":59143911,"iserver":{"tickle":true,"authStatus":{"authenticated":false,"competing":false,"connected":false,"MAC":"F4:03:43:DB:84:00"}}}
00:14:04.936 INFO  vert.x-eventloop-thread-0 BaseServiceProxy     : -> GET /v1/api/tickle,200|630ms
00:14:04.936 DEBUG vert.x-eventloop-thread-0 ClientPortalService  : tickle {"session":"61ca13192356386a72bc91021239fe61","ssoExpires":241690,"collission":false,"userId":59143911,"iserver":{"tickle":true,"authStatus":{"authenticated":false,"competing":false,"connected":false,"MAC":"F4:03:43:DB:84:00"}}}
00:14:30.668 INFO  vert.x-eventloop-thread-0 BaseServiceProxy     : -> GET /sso/ping,200|796ms
00:14:30.668 INFO  vert.x-eventloop-thread-0 SsoService           : sso ping {"result": "true"}
00:14:34.507 INFO  vert.x-eventloop-thread-0 BaseServiceProxy     : -> GET /v1/api/tickle,200|200ms
00:14:34.507 DEBUG vert.x-eventloop-thread-0 ClientPortalService  : tickle {"session":"61ca13192356386a72bc91021239fe61","ssoExpires":212171,"collission":false,"userId":59143911,"iserver":{"tickle":true,"authStatus":{"authenticated":false,"competing":false,"connected":false,"MAC":"F4:03:43:DB:84:00"}}}
00:15:04.966 INFO  vert.x-eventloop-thread-0 BaseServiceProxy     : -> GET /v1/api/tickle,200|659ms
00:15:04.966 DEBUG vert.x-eventloop-thread-0 ClientPortalService  : tickle {"session":"61ca13192356386a72bc91021239fe61","ssoExpires":181660,"collission":false,"userId":59143911,"iserver":{"tickle":true,"authStatus":{"authenticated":false,"competing":false,"connected":false,"MAC":"F4:03:43:DB:84:00"}}}
00:15:34.917 INFO  vert.x-eventloop-thread-0 BaseServiceProxy     : -> GET /v1/api/tickle,200|614ms
00:15:34.917 DEBUG vert.x-eventloop-thread-0 ClientPortalService  : tickle {"session":"61ca13192356386a72bc91021239fe61","ssoExpires":151711,"collission":false,"userId":59143911,"iserver":{"tickle":true,"authStatus":{"authenticated":false,"competing":false,"connected":false,"MAC":"F4:03:43:DB:84:00"}}}
00:16:05.181 INFO  vert.x-eventloop-thread-0 BaseServiceProxy     : -> GET /v1/api/tickle,200|874ms
00:16:05.181 DEBUG vert.x-eventloop-thread-0 ClientPortalService  : tickle {"session":"61ca13192356386a72bc91021239fe61","ssoExpires":121446,"collission":false,"userId":59143911,"iserver":{"tickle":true,"authStatus":{"authenticated":false,"competing":false,"connected":false,"MAC":"F4:03:43:DB:84:00"}}}
00:16:34.918 INFO  vert.x-eventloop-thread-0 BaseServiceProxy     : -> GET /v1/api/tickle,200|609ms
00:16:34.918 DEBUG vert.x-eventloop-thread-0 ClientPortalService  : tickle {"session":"61ca13192356386a72bc91021239fe61","ssoExpires":91705,"collission":false,"userId":59143911,"iserver":{"tickle":true,"authStatus":{"authenticated":false,"competing":false,"connected":false,"MAC":"F4:03:43:DB:84:00"}}}
00:17:04.896 INFO  vert.x-eventloop-thread-0 BaseServiceProxy     : -> GET /v1/api/tickle,200|591ms
00:17:04.896 DEBUG vert.x-eventloop-thread-0 ClientPortalService  : tickle {"session":"61ca13192356386a72bc91021239fe61","ssoExpires":61726,"collission":false,"userId":59143911,"iserver":{"tickle":true,"authStatus":{"authenticated":false,"competing":false,"connected":false,"MAC":"F4:03:43:DB:84:00"}}}
00:17:34.942 INFO  vert.x-eventloop-thread-0 BaseServiceProxy     : -> GET /v1/api/tickle,200|634ms
00:17:34.942 DEBUG vert.x-eventloop-thread-0 ClientPortalService  : tickle {"session":"61ca13192356386a72bc91021239fe61","ssoExpires":31681,"collission":false,"userId":59143911,"iserver":{"tickle":true,"authStatus":{"authenticated":false,"competing":false,"connected":false,"MAC":"F4:03:43:DB:84:00"}}}
00:18:04.962 INFO  vert.x-eventloop-thread-0 BaseServiceProxy     : -> GET /v1/api/tickle,200|653ms
00:18:04.962 DEBUG vert.x-eventloop-thread-0 ClientPortalService  : tickle {"session":"61ca13192356386a72bc91021239fe61","ssoExpires":1657,"collission":false,"userId":59143911,"iserver":{"tickle":true,"authStatus":{"authenticated":false,"competing":false,"connected":false,"MAC":"F4:03:43:DB:84:00"}}}
00:18:34.913 INFO  vert.x-eventloop-thread-0 BaseServiceProxy     : -> GET /v1/api/tickle,200|608ms
00:18:34.914 DEBUG vert.x-eventloop-thread-0 ClientPortalService  : tickle {"session":"61ca13192356386a72bc91021239fe61","ssoExpires":0,"collission":false,"userId":59143911,"iserver":{"tickle":true,"authStatus":{"authenticated":false,"competing":false,"connected":false,"MAC":"F4:03:43:DB:84:00"}}}
00:19:06.739 INFO  vert.x-eventloop-thread-0 BaseServiceProxy     : -> GET /v1/api/tickle,401|2426ms
00:19:06.739 WARN  vert.x-eventloop-thread-0 BaseServiceProxy     : failed /v1/api/tickle | reason Access Denied
00:19:06.739 DEBUG vert.x-eventloop-thread-0 ClientPortalService  : tickle null
00:19:06.739 ERROR vert.x-eventloop-thread-0 ClientPortalService  : tickle cp session failed {}
io.vertx.core.impl.NoStackTraceThrowable: Access Denied
00:19:06.739 DEBUG vert.x-eventloop-thread-0 BaseServiceProxy     : cancel timer ClientPortalService 2
00:19:06.739 DEBUG vert.x-eventloop-thread-0 BaseServiceProxy     : forward event ON_CP_TICKLE_FAILED, payload none
00:19:07.459 INFO  vert.x-eventloop-thread-0 BaseServiceProxy     : -> GET /v1/api/sso/validate?gw=1,401|720ms
00:19:07.459 WARN  vert.x-eventloop-thread-0 BaseServiceProxy     : failed /v1/api/sso/validate?gw=1 | reason Access Denied
00:19:07.459 DEBUG vert.x-eventloop-thread-0 ClientPortalService  : portal validate response: null
00:19:07.459 ERROR vert.x-eventloop-thread-0 GatewayHttpProxy     : authentication to cp failed, retry 1
io.vertx.core.impl.NoStackTraceThrowable: Access Denied
00:19:07.460 DEBUG vert.x-eventloop-thread-0 BaseServiceProxy     : forward event CP_LOGIN_FAILED, payload none
00:19:07.460 INFO  vert.x-eventloop-thread-0 GatewayHttpProxy     : Unhandled event CP_LOGIN_FAILED
00:19:10.862 INFO  vert.x-eventloop-thread-0 BaseServiceProxy     : -> GET /v1/api/sso/validate?gw=1,401|390ms
00:19:10.862 WARN  vert.x-eventloop-thread-0 BaseServiceProxy     : failed /v1/api/sso/validate?gw=1 | reason Access Denied
00:19:10.862 DEBUG vert.x-eventloop-thread-0 ClientPortalService  : portal validate response: null
00:19:10.862 ERROR vert.x-eventloop-thread-0 GatewayHttpProxy     : authentication to cp failed, retry 2
io.vertx.core.impl.NoStackTraceThrowable: Access Denied
00:19:10.862 DEBUG vert.x-eventloop-thread-0 BaseServiceProxy     : forward event CP_LOGIN_FAILED, payload none
00:19:10.862 INFO  vert.x-eventloop-thread-0 GatewayHttpProxy     : Unhandled event CP_LOGIN_FAILED
00:19:14.260 INFO  vert.x-eventloop-thread-0 BaseServiceProxy     : -> GET /v1/api/sso/validate?gw=1,401|389ms
00:19:14.260 WARN  vert.x-eventloop-thread-0 BaseServiceProxy     : failed /v1/api/sso/validate?gw=1 | reason Access Denied
00:19:14.260 DEBUG vert.x-eventloop-thread-0 ClientPortalService  : portal validate response: null
00:19:14.260 ERROR vert.x-eventloop-thread-0 GatewayHttpProxy     : authentication to cp failed, retry 3
io.vertx.core.impl.NoStackTraceThrowable: Access Denied
00:19:14.260 DEBUG vert.x-eventloop-thread-0 BaseServiceProxy     : forward event CP_LOGIN_FAILED, payload none
00:19:14.260 INFO  vert.x-eventloop-thread-0 GatewayHttpProxy     : Unhandled event CP_LOGIN_FAILED
00:19:17.662 INFO  vert.x-eventloop-thread-0 BaseServiceProxy     : -> GET /v1/api/sso/validate?gw=1,401|388ms
00:19:17.662 WARN  vert.x-eventloop-thread-0 BaseServiceProxy     : failed /v1/api/sso/validate?gw=1 | reason Access Denied
00:19:17.662 DEBUG vert.x-eventloop-thread-0 ClientPortalService  : portal validate response: null
00:19:17.662 ERROR vert.x-eventloop-thread-0 GatewayHttpProxy     : authentication to cp failed, retry 4
io.vertx.core.impl.NoStackTraceThrowable: Access Denied
00:19:17.662 DEBUG vert.x-eventloop-thread-0 BaseServiceProxy     : forward event CP_LOGIN_FAILED, payload none
00:19:17.662 INFO  vert.x-eventloop-thread-0 GatewayHttpProxy     : Unhandled event CP_LOGIN_FAILED
00:19:21.052 INFO  vert.x-eventloop-thread-0 BaseServiceProxy     : -> GET /v1/api/sso/validate?gw=1,401|389ms
00:19:21.052 WARN  vert.x-eventloop-thread-0 BaseServiceProxy     : failed /v1/api/sso/validate?gw=1 | reason Access Denied
00:19:21.052 DEBUG vert.x-eventloop-thread-0 ClientPortalService  : portal validate response: null
00:19:21.052 ERROR vert.x-eventloop-thread-0 GatewayHttpProxy     : authentication to cp failed, retry 5
io.vertx.core.impl.NoStackTraceThrowable: Access Denied
00:19:21.052 ERROR vert.x-eventloop-thread-0 GatewayHttpProxy     : giving up ...
00:19:21.052 DEBUG vert.x-eventloop-thread-0 BaseServiceProxy     : forward event CP_LOGIN_FAILED, payload none
00:19:21.052 INFO  vert.x-eventloop-thread-0 GatewayHttpProxy     : Unhandled event CP_LOGIN_FAILED
00:19:30.932 INFO  vert.x-eventloop-thread-0 BaseServiceProxy     : -> GET /sso/ping,200|1058ms
00:19:30.932 INFO  vert.x-eventloop-thread-0 SsoService           : sso ping {"result": "true"}
00:24:31.155 INFO  vert.x-eventloop-thread-0 BaseServiceProxy     : -> GET /sso/ping,200|1282ms
00:24:31.155 INFO  vert.x-eventloop-thread-0 SsoService           : sso ping {"result": "true"}
00:29:31.143 INFO  vert.x-eventloop-thread-0 BaseServiceProxy     : -> GET /sso/ping,200|1267ms
00:29:31.143 INFO  vert.x-eventloop-thread-0 SsoService           : sso ping {"result": "true"}
00:34:31.143 INFO  vert.x-eventloop-thread-0 BaseServiceProxy     : -> GET /sso/ping,200|1271ms
00:34:31.143 INFO  vert.x-eventloop-thread-0 SsoService           : sso ping {"result": "true"}
00:39:31.193 INFO  vert.x-eventloop-thread-0 BaseServiceProxy     : -> GET /sso/ping,200|1317ms
00:39:31.193 INFO  vert.x-eventloop-thread-0 SsoService           : sso ping {"result": "true"}
00:44:30.900 INFO  vert.x-eventloop-thread-0 BaseServiceProxy     : -> GET /sso/ping,200|1025ms
00:44:30.900 INFO  vert.x-eventloop-thread-0 SsoService           : sso ping {"result": "true"}
00:49:30.974 INFO  vert.x-eventloop-thread-0 BaseServiceProxy     : -> GET /sso/ping,200|1096ms
00:49:30.974 INFO  vert.x-eventloop-thread-0 SsoService           : sso ping {"result": "true"}
00:54:31.204 INFO  vert.x-eventloop-thread-0 BaseServiceProxy     : -> GET /sso/ping,200|1326ms
00:54:31.204 INFO  vert.x-eventloop-thread-0 SsoService           : sso ping {"result": "true"}
00:59:31.037 INFO  vert.x-eventloop-thread-0 BaseServiceProxy     : -> GET /sso/ping,200|1171ms
00:59:31.037 INFO  vert.x-eventloop-thread-0 SsoService           : sso ping {"result": "true"}
01:04:31.197 INFO  vert.x-eventloop-thread-0 BaseServiceProxy     : -> GET /sso/ping,200|1330ms
01:04:31.197 INFO  vert.x-eventloop-thread-0 SsoService           : sso ping {"result": "true"}
01:09:31.204 INFO  vert.x-eventloop-thread-0 BaseServiceProxy     : -> GET /sso/ping,200|1333ms
01:09:31.204 INFO  vert.x-eventloop-thread-0 SsoService           : sso ping {"result": "true"}
01:14:30.901 INFO  vert.x-eventloop-thread-0 BaseServiceProxy     : -> GET /sso/ping,200|1028ms
01:14:30.901 INFO  vert.x-eventloop-thread-0 SsoService           : sso ping {"result": "true"}
01:19:31.162 INFO  vert.x-eventloop-thread-0 BaseServiceProxy     : -> GET /sso/ping,200|1296ms
01:19:31.162 INFO  vert.x-eventloop-thread-0 SsoService           : sso ping {"result": "true"}
01:24:32.745 INFO  vert.x-eventloop-thread-0 BaseServiceProxy     : -> GET /sso/ping,200|997ms
01:24:32.745 INFO  vert.x-eventloop-thread-0 SsoService           : sso ping {"result": "true"}
01:29:33.066 INFO  vert.x-eventloop-thread-0 BaseServiceProxy     : -> GET /sso/ping,200|1327ms
01:29:33.066 INFO  vert.x-eventloop-thread-0 SsoService           : sso ping {"result": "true"}
01:34:32.933 INFO  vert.x-eventloop-thread-0 BaseServiceProxy     : -> GET /sso/ping,200|1196ms
01:34:32.933 INFO  vert.x-eventloop-thread-0 SsoService           : sso ping {"result": "true"}
01:39:32.761 INFO  vert.x-eventloop-thread-0 BaseServiceProxy     : -> GET /sso/ping,200|1024ms
01:39:32.761 INFO  vert.x-eventloop-thread-0 SsoService           : sso ping {"result": "true"}
01:44:33.127 INFO  vert.x-eventloop-thread-0 BaseServiceProxy     : -> GET /sso/ping,200|1394ms
01:44:33.127 INFO  vert.x-eventloop-thread-0 SsoService           : sso ping {"result": "true"}
01:49:33.066 INFO  vert.x-eventloop-thread-0 BaseServiceProxy     : -> GET /sso/ping,200|1322ms
01:49:33.066 INFO  vert.x-eventloop-thread-0 SsoService           : sso ping {"result": "true"}
01:54:32.766 INFO  vert.x-eventloop-thread-0 BaseServiceProxy     : -> GET /sso/ping,200|1030ms
01:54:32.766 INFO  vert.x-eventloop-thread-0 SsoService           : sso ping {"result": "true"}
01:59:33.069 INFO  vert.x-eventloop-thread-0 BaseServiceProxy     : -> GET /sso/ping,200|1331ms
01:59:33.069 INFO  vert.x-eventloop-thread-0 SsoService           : sso ping {"result": "true"}
02:04:33.051 INFO  vert.x-eventloop-thread-0 BaseServiceProxy     : -> GET /sso/ping,200|1309ms
02:04:33.051 INFO  vert.x-eventloop-thread-0 SsoService           : sso ping {"result": "true"}
02:09:32.772 INFO  vert.x-eventloop-thread-0 BaseServiceProxy     : -> GET /sso/ping,200|1026ms
02:09:32.772 INFO  vert.x-eventloop-thread-0 SsoService           : sso ping {"result": "true"}
02:14:32.771 INFO  vert.x-eventloop-thread-0 BaseServiceProxy     : -> GET /sso/ping,200|1031ms
02:14:32.771 INFO  vert.x-eventloop-thread-0 SsoService           : sso ping {"result": "true"}
02:19:33.022 INFO  vert.x-eventloop-thread-0 BaseServiceProxy     : -> GET /sso/ping,200|1280ms
02:19:33.023 INFO  vert.x-eventloop-thread-0 SsoService           : sso ping {"result": "true"}
02:24:32.778 INFO  vert.x-eventloop-thread-0 BaseServiceProxy     : -> GET /sso/ping,200|1031ms
02:24:32.778 INFO  vert.x-eventloop-thread-0 SsoService           : sso ping {"result": "true"}
02:29:33.015 INFO  vert.x-eventloop-thread-0 BaseServiceProxy     : -> GET /sso/ping,200|1281ms
02:29:33.016 INFO  vert.x-eventloop-thread-0 SsoService           : sso ping {"result": "true"}
02:34:33.012 INFO  vert.x-eventloop-thread-0 BaseServiceProxy     : -> GET /sso/ping,200|1273ms
02:34:33.012 INFO  vert.x-eventloop-thread-0 SsoService           : sso ping {"result": "true"}
02:39:32.766 INFO  vert.x-eventloop-thread-0 BaseServiceProxy     : -> GET /sso/ping,200|1027ms
02:39:32.766 INFO  vert.x-eventloop-thread-0 SsoService           : sso ping {"result": "true"}
02:44:32.982 INFO  vert.x-eventloop-thread-0 BaseServiceProxy     : -> GET /sso/ping,200|1247ms
02:44:32.983 INFO  vert.x-eventloop-thread-0 SsoService           : sso ping {"result": "true"}
02:49:33.000 INFO  vert.x-eventloop-thread-0 BaseServiceProxy     : -> GET /sso/ping,200|1266ms
02:49:33.000 INFO  vert.x-eventloop-thread-0 SsoService           : sso ping {"result": "true"}
02:54:32.752 INFO  vert.x-eventloop-thread-0 BaseServiceProxy     : -> GET /sso/ping,200|1010ms
02:54:32.752 INFO  vert.x-eventloop-thread-0 SsoService           : sso ping {"result": "true"}
02:59:33.021 INFO  vert.x-eventloop-thread-0 BaseServiceProxy     : -> GET /sso/ping,200|1281ms
02:59:33.021 INFO  vert.x-eventloop-thread-0 SsoService           : sso ping {"result": "true"}
03:04:32.817 INFO  vert.x-eventloop-thread-0 BaseServiceProxy     : -> GET /sso/ping,200|1074ms
03:04:32.817 INFO  vert.x-eventloop-thread-0 SsoService           : sso ping {"result": "true"}
03:09:32.762 INFO  vert.x-eventloop-thread-0 BaseServiceProxy     : -> GET /sso/ping,200|1017ms
03:09:32.762 INFO  vert.x-eventloop-thread-0 SsoService           : sso ping {"result": "true"}
03:14:32.833 INFO  vert.x-eventloop-thread-0 BaseServiceProxy     : -> GET /sso/ping,200|1096ms
03:14:32.833 INFO  vert.x-eventloop-thread-0 SsoService           : sso ping {"result": "true"}
03:19:33.014 INFO  vert.x-eventloop-thread-0 BaseServiceProxy     : -> GET /sso/ping,200|1281ms
03:19:33.014 INFO  vert.x-eventloop-thread-0 SsoService           : sso ping {"result": "true"}
03:24:32.753 INFO  vert.x-eventloop-thread-0 BaseServiceProxy     : -> GET /sso/ping,200|1016ms
03:24:32.754 INFO  vert.x-eventloop-thread-0 SsoService           : sso ping {"result": "true"}
03:29:33.056 INFO  vert.x-eventloop-thread-0 BaseServiceProxy     : -> GET /sso/ping,200|1310ms
03:29:33.056 INFO  vert.x-eventloop-thread-0 SsoService           : sso ping {"result": "true"}
03:34:33.025 INFO  vert.x-eventloop-thread-0 BaseServiceProxy     : -> GET /sso/ping,200|1280ms
03:34:33.025 INFO  vert.x-eventloop-thread-0 SsoService           : sso ping {"result": "true"}
03:39:32.522 INFO  vert.x-eventloop-thread-0 BaseServiceProxy     : -> GET /sso/ping,200|788ms
03:39:32.522 INFO  vert.x-eventloop-thread-0 SsoService           : sso ping {"result": "true"}
03:44:32.995 INFO  vert.x-eventloop-thread-0 BaseServiceProxy     : -> GET /sso/ping,200|1258ms
03:44:32.996 INFO  vert.x-eventloop-thread-0 SsoService           : sso ping {"result": "true"}
03:49:32.992 INFO  vert.x-eventloop-thread-0 BaseServiceProxy     : -> GET /sso/ping,200|1251ms
03:49:32.992 INFO  vert.x-eventloop-thread-0 SsoService           : sso ping {"result": "true"}
03:54:32.756 INFO  vert.x-eventloop-thread-0 BaseServiceProxy     : -> GET /sso/ping,200|1021ms
03:54:32.756 INFO  vert.x-eventloop-thread-0 SsoService           : sso ping {"result": "true"}
03:59:32.789 INFO  vert.x-eventloop-thread-0 BaseServiceProxy     : -> GET /sso/ping,200|1047ms
03:59:32.789 INFO  vert.x-eventloop-thread-0 SsoService           : sso ping {"result": "true"}
04:04:32.994 INFO  vert.x-eventloop-thread-0 BaseServiceProxy     : -> GET /sso/ping,200|1261ms
04:04:32.994 INFO  vert.x-eventloop-thread-0 SsoService           : sso ping {"result": "true"}
04:09:32.876 INFO  vert.x-eventloop-thread-0 BaseServiceProxy     : -> GET /sso/ping,200|1141ms
04:09:32.876 INFO  vert.x-eventloop-thread-0 SsoService           : sso ping {"result": "true"}
04:14:32.782 INFO  vert.x-eventloop-thread-0 BaseServiceProxy     : -> GET /sso/ping,200|1035ms
04:14:32.782 INFO  vert.x-eventloop-thread-0 SsoService           : sso ping {"result": "true"}
04:19:33.008 INFO  vert.x-eventloop-thread-0 BaseServiceProxy     : -> GET /sso/ping,200|1268ms
04:19:33.008 INFO  vert.x-eventloop-thread-0 SsoService           : sso ping {"result": "true"}
04:24:32.759 INFO  vert.x-eventloop-thread-0 BaseServiceProxy     : -> GET /sso/ping,200|1017ms
04:24:32.759 INFO  vert.x-eventloop-thread-0 SsoService           : sso ping {"result": "true"}
04:29:32.788 INFO  vert.x-eventloop-thread-0 BaseServiceProxy     : -> GET /sso/ping,200|1053ms
04:29:32.788 INFO  vert.x-eventloop-thread-0 SsoService           : sso ping {"result": "true"}
04:34:32.803 INFO  vert.x-eventloop-thread-0 BaseServiceProxy     : -> GET /sso/ping,200|1057ms
04:34:32.803 INFO  vert.x-eventloop-thread-0 SsoService           : sso ping {"result": "true"}
04:39:32.763 INFO  vert.x-eventloop-thread-0 BaseServiceProxy     : -> GET /sso/ping,200|1022ms
04:39:32.763 INFO  vert.x-eventloop-thread-0 SsoService           : sso ping {"result": "true"}
04:44:33.036 INFO  vert.x-eventloop-thread-0 BaseServiceProxy     : -> GET /sso/ping,200|1296ms
04:44:33.036 INFO  vert.x-eventloop-thread-0 SsoService           : sso ping {"result": "true"}
04:49:32.997 INFO  vert.x-eventloop-thread-0 BaseServiceProxy     : -> GET /sso/ping,200|1253ms
04:49:32.997 INFO  vert.x-eventloop-thread-0 SsoService           : sso ping {"result": "true"}
04:54:32.869 INFO  vert.x-eventloop-thread-0 BaseServiceProxy     : -> GET /sso/ping,200|1134ms
04:54:32.869 INFO  vert.x-eventloop-thread-0 SsoService           : sso ping {"result": "true"}
04:59:33.034 INFO  vert.x-eventloop-thread-0 BaseServiceProxy     : -> GET /sso/ping,200|1301ms
04:59:33.034 INFO  vert.x-eventloop-thread-0 SsoService           : sso ping {"result": "true"}
05:04:33.013 INFO  vert.x-eventloop-thread-0 BaseServiceProxy     : -> GET /sso/ping,200|1280ms
05:04:33.013 INFO  vert.x-eventloop-thread-0 SsoService           : sso ping {"result": "true"}
05:09:32.881 INFO  vert.x-eventloop-thread-0 BaseServiceProxy     : -> GET /sso/ping,200|1139ms
05:09:32.881 INFO  vert.x-eventloop-thread-0 SsoService           : sso ping {"result": "true"}
05:14:33.042 INFO  vert.x-eventloop-thread-0 BaseServiceProxy     : -> GET /sso/ping,200|1296ms
05:14:33.042 INFO  vert.x-eventloop-thread-0 SsoService           : sso ping {"result": "true"}
05:19:32.996 INFO  vert.x-eventloop-thread-0 BaseServiceProxy     : -> GET /sso/ping,200|1251ms
05:19:32.996 INFO  vert.x-eventloop-thread-0 SsoService           : sso ping {"result": "true"}
05:24:32.746 INFO  vert.x-eventloop-thread-0 BaseServiceProxy     : -> GET /sso/ping,200|1004ms
05:24:32.746 INFO  vert.x-eventloop-thread-0 SsoService           : sso ping {"result": "true"}
05:29:32.996 INFO  vert.x-eventloop-thread-0 BaseServiceProxy     : -> GET /sso/ping,200|1256ms
05:29:32.996 INFO  vert.x-eventloop-thread-0 SsoService           : sso ping {"result": "true"}
05:34:32.759 INFO  vert.x-eventloop-thread-0 BaseServiceProxy     : -> GET /sso/ping,200|1018ms
05:34:32.759 INFO  vert.x-eventloop-thread-0 SsoService           : sso ping {"result": "true"}
05:39:32.769 INFO  vert.x-eventloop-thread-0 BaseServiceProxy     : -> GET /sso/ping,200|1032ms
05:39:32.771 INFO  vert.x-eventloop-thread-0 SsoService           : sso ping {"result": "true"}
05:44:33.001 INFO  vert.x-eventloop-thread-0 BaseServiceProxy     : -> GET /sso/ping,200|1269ms
05:44:33.001 INFO  vert.x-eventloop-thread-0 SsoService           : sso ping {"result": "true"}
05:49:32.755 INFO  vert.x-eventloop-thread-0 BaseServiceProxy     : -> GET /sso/ping,200|1019ms
05:49:32.755 INFO  vert.x-eventloop-thread-0 SsoService           : sso ping {"result": "true"}
05:54:33.012 INFO  vert.x-eventloop-thread-0 BaseServiceProxy     : -> GET /sso/ping,200|1278ms
05:54:33.012 INFO  vert.x-eventloop-thread-0 SsoService           : sso ping {"result": "true"}
05:59:33.012 INFO  vert.x-eventloop-thread-0 BaseServiceProxy     : -> GET /sso/ping,200|1265ms
05:59:33.012 INFO  vert.x-eventloop-thread-0 SsoService           : sso ping {"result": "true"}
06:04:32.752 INFO  vert.x-eventloop-thread-0 BaseServiceProxy     : -> GET /sso/ping,200|1010ms
06:04:32.752 INFO  vert.x-eventloop-thread-0 SsoService           : sso ping {"result": "true"}
06:09:32.796 INFO  vert.x-eventloop-thread-0 BaseServiceProxy     : -> GET /sso/ping,200|1055ms
06:09:32.796 INFO  vert.x-eventloop-thread-0 SsoService           : sso ping {"result": "true"}
06:14:32.806 INFO  vert.x-eventloop-thread-0 BaseServiceProxy     : -> GET /sso/ping,200|1066ms
06:14:32.806 INFO  vert.x-eventloop-thread-0 SsoService           : sso ping {"result": "true"}
06:19:32.762 INFO  vert.x-eventloop-thread-0 BaseServiceProxy     : -> GET /sso/ping,200|1027ms
06:19:32.762 INFO  vert.x-eventloop-thread-0 SsoService           : sso ping {"result": "true"}
06:24:33.025 INFO  vert.x-eventloop-thread-0 BaseServiceProxy     : -> GET /sso/ping,200|1280ms
06:24:33.025 INFO  vert.x-eventloop-thread-0 SsoService           : sso ping {"result": "true"}
06:29:33.027 INFO  vert.x-eventloop-thread-0 BaseServiceProxy     : -> GET /sso/ping,200|1288ms
06:29:33.027 INFO  vert.x-eventloop-thread-0 SsoService           : sso ping {"result": "true"}
06:34:33.011 INFO  vert.x-eventloop-thread-0 BaseServiceProxy     : -> GET /sso/ping,200|1267ms
06:34:33.011 INFO  vert.x-eventloop-thread-0 SsoService           : sso ping {"result": "true"}
06:39:32.793 INFO  vert.x-eventloop-thread-0 BaseServiceProxy     : -> GET /sso/ping,200|1056ms
06:39:32.793 INFO  vert.x-eventloop-thread-0 SsoService           : sso ping {"result": "true"}
06:44:32.987 INFO  vert.x-eventloop-thread-0 BaseServiceProxy     : -> GET /sso/ping,200|1251ms
06:44:32.987 INFO  vert.x-eventloop-thread-0 SsoService           : sso ping {"result": "true"}
06:49:32.998 INFO  vert.x-eventloop-thread-0 BaseServiceProxy     : -> GET /sso/ping,200|1264ms
06:49:32.998 INFO  vert.x-eventloop-thread-0 SsoService           : sso ping {"result": "true"}
06:54:33.023 INFO  vert.x-eventloop-thread-0 BaseServiceProxy     : -> GET /sso/ping,200|1285ms
06:54:33.023 INFO  vert.x-eventloop-thread-0 SsoService           : sso ping {"result": "true"}
06:59:33.023 INFO  vert.x-eventloop-thread-0 BaseServiceProxy     : -> GET /sso/ping,200|1287ms
06:59:33.023 INFO  vert.x-eventloop-thread-0 SsoService           : sso ping {"result": "true"}
07:04:32.908 INFO  vert.x-eventloop-thread-0 BaseServiceProxy     : -> GET /sso/ping,200|1170ms
07:04:32.908 INFO  vert.x-eventloop-thread-0 SsoService           : sso ping {"result": "true"}
07:09:32.792 INFO  vert.x-eventloop-thread-0 BaseServiceProxy     : -> GET /sso/ping,200|1052ms
07:09:32.792 INFO  vert.x-eventloop-thread-0 SsoService           : sso ping {"result": "true"}
07:14:32.905 INFO  vert.x-eventloop-thread-0 BaseServiceProxy     : -> GET /sso/ping,200|1169ms
07:14:32.906 INFO  vert.x-eventloop-thread-0 SsoService           : sso ping {"result": "true"}
07:19:32.817 INFO  vert.x-eventloop-thread-0 BaseServiceProxy     : -> GET /sso/ping,200|1077ms
07:19:32.817 INFO  vert.x-eventloop-thread-0 SsoService           : sso ping {"result": "true"}
07:24:33.038 INFO  vert.x-eventloop-thread-0 BaseServiceProxy     : -> GET /sso/ping,200|1294ms
07:24:33.038 INFO  vert.x-eventloop-thread-0 SsoService           : sso ping {"result": "true"}
07:29:32.998 INFO  vert.x-eventloop-thread-0 BaseServiceProxy     : -> GET /sso/ping,200|1265ms
07:29:32.998 INFO  vert.x-eventloop-thread-0 SsoService           : sso ping {"result": "true"}
07:34:33.110 INFO  vert.x-eventloop-thread-0 BaseServiceProxy     : -> GET /sso/ping,200|1376ms
07:34:33.110 INFO  vert.x-eventloop-thread-0 SsoService           : sso ping {"result": "true"}
07:39:33.005 INFO  vert.x-eventloop-thread-0 BaseServiceProxy     : -> GET /sso/ping,200|1263ms
07:39:33.005 INFO  vert.x-eventloop-thread-0 SsoService           : sso ping {"result": "true"}
07:44:33.041 INFO  vert.x-eventloop-thread-0 BaseServiceProxy     : -> GET /sso/ping,200|1308ms
07:44:33.041 INFO  vert.x-eventloop-thread-0 SsoService           : sso ping {"result": "true"}
07:49:33.020 INFO  vert.x-eventloop-thread-0 BaseServiceProxy     : -> GET /sso/ping,200|1275ms
07:49:33.020 INFO  vert.x-eventloop-thread-0 SsoService           : sso ping {"result": "true"}
07:54:33.015 INFO  vert.x-eventloop-thread-0 BaseServiceProxy     : -> GET /sso/ping,200|1278ms
07:54:33.015 INFO  vert.x-eventloop-thread-0 SsoService           : sso ping {"result": "true"}
07:59:33.027 INFO  vert.x-eventloop-thread-0 BaseServiceProxy     : -> GET /sso/ping,200|1291ms
07:59:33.027 INFO  vert.x-eventloop-thread-0 SsoService           : sso ping {"result": "true"}
08:04:32.876 INFO  vert.x-eventloop-thread-0 BaseServiceProxy     : -> GET /sso/ping,200|1141ms
08:04:32.876 INFO  vert.x-eventloop-thread-0 SsoService           : sso ping {"result": "false"}
08:09:33.005 INFO  vert.x-eventloop-thread-0 BaseServiceProxy     : -> GET /sso/ping,200|1265ms
08:09:33.005 INFO  vert.x-eventloop-thread-0 SsoService           : sso ping {"result": "true"}
08:14:33.008 INFO  vert.x-eventloop-thread-0 BaseServiceProxy     : -> GET /sso/ping,200|1274ms
08:14:33.008 INFO  vert.x-eventloop-thread-0 SsoService           : sso ping {"result": "true"}
08:19:32.745 INFO  vert.x-eventloop-thread-0 BaseServiceProxy     : -> GET /sso/ping,200|1007ms
08:19:32.745 INFO  vert.x-eventloop-thread-0 SsoService           : sso ping {"result": "true"}
08:24:33.029 INFO  vert.x-eventloop-thread-0 BaseServiceProxy     : -> GET /sso/ping,200|1292ms
08:24:33.029 INFO  vert.x-eventloop-thread-0 SsoService           : sso ping {"result": "true"}
08:29:33.035 INFO  vert.x-eventloop-thread-0 BaseServiceProxy     : -> GET /sso/ping,200|1292ms
08:29:33.035 INFO  vert.x-eventloop-thread-0 SsoService           : sso ping {"result": "true"}
08:34:33.014 INFO  vert.x-eventloop-thread-0 BaseServiceProxy     : -> GET /sso/ping,200|1268ms
08:34:33.014 INFO  vert.x-eventloop-thread-0 SsoService           : sso ping {"result": "true"}
08:39:33.029 INFO  vert.x-eventloop-thread-0 BaseServiceProxy     : -> GET /sso/ping,200|1290ms
08:39:33.029 INFO  vert.x-eventloop-thread-0 SsoService           : sso ping {"result": "true"}
08:44:33.051 INFO  vert.x-eventloop-thread-0 BaseServiceProxy     : -> GET /sso/ping,200|1312ms
08:44:33.051 INFO  vert.x-eventloop-thread-0 SsoService           : sso ping {"result": "true"}
08:49:33.020 INFO  vert.x-eventloop-thread-0 BaseServiceProxy     : -> GET /sso/ping,200|1280ms
08:49:33.020 INFO  vert.x-eventloop-thread-0 SsoService           : sso ping {"result": "true"}
08:54:33.004 INFO  vert.x-eventloop-thread-0 BaseServiceProxy     : -> GET /sso/ping,200|1266ms
08:54:33.004 INFO  vert.x-eventloop-thread-0 SsoService           : sso ping {"result": "true"}
08:59:32.887 INFO  vert.x-eventloop-thread-0 BaseServiceProxy     : -> GET /sso/ping,200|1148ms
08:59:32.887 INFO  vert.x-eventloop-thread-0 SsoService           : sso ping {"result": "true"}
09:04:32.755 INFO  vert.x-eventloop-thread-0 BaseServiceProxy     : -> GET /sso/ping,200|1009ms
09:04:32.755 INFO  vert.x-eventloop-thread-0 SsoService           : sso ping {"result": "true"}
09:09:33.005 INFO  vert.x-eventloop-thread-0 BaseServiceProxy     : -> GET /sso/ping,200|1268ms
09:09:33.005 INFO  vert.x-eventloop-thread-0 SsoService           : sso ping {"result": "true"}
09:14:33.005 INFO  vert.x-eventloop-thread-0 BaseServiceProxy     : -> GET /sso/ping,200|1258ms
09:14:33.005 INFO  vert.x-eventloop-thread-0 SsoService           : sso ping {"result": "true"}
09:19:33.038 INFO  vert.x-eventloop-thread-0 BaseServiceProxy     : -> GET /sso/ping,200|1303ms
09:19:33.038 INFO  vert.x-eventloop-thread-0 SsoService           : sso ping {"result": "true"}
09:24:32.892 INFO  vert.x-eventloop-thread-0 BaseServiceProxy     : -> GET /sso/ping,200|1157ms
09:24:32.892 INFO  vert.x-eventloop-thread-0 SsoService           : sso ping {"result": "true"}
09:29:32.751 INFO  vert.x-eventloop-thread-0 BaseServiceProxy     : -> GET /sso/ping,200|1011ms
09:29:32.751 INFO  vert.x-eventloop-thread-0 SsoService           : sso ping {"result": "true"}
09:34:33.013 INFO  vert.x-eventloop-thread-0 BaseServiceProxy     : -> GET /sso/ping,200|1273ms
09:34:33.013 INFO  vert.x-eventloop-thread-0 SsoService           : sso ping {"result": "true"}
09:39:32.757 INFO  vert.x-eventloop-thread-0 BaseServiceProxy     : -> GET /sso/ping,200|1016ms
09:39:32.757 INFO  vert.x-eventloop-thread-0 SsoService           : sso ping {"result": "true"}
09:44:32.996 INFO  vert.x-eventloop-thread-0 BaseServiceProxy     : -> GET /sso/ping,200|1253ms
09:44:32.996 INFO  vert.x-eventloop-thread-0 SsoService           : sso ping {"result": "true"}
09:49:32.886 INFO  vert.x-eventloop-thread-0 BaseServiceProxy     : -> GET /sso/ping,200|1139ms
09:49:32.886 INFO  vert.x-eventloop-thread-0 SsoService           : sso ping {"result": "true"}
09:54:32.984 INFO  vert.x-eventloop-thread-0 BaseServiceProxy     : -> GET /sso/ping,200|1248ms
09:54:32.984 INFO  vert.x-eventloop-thread-0 SsoService           : sso ping {"result": "true"}
09:59:33.017 INFO  vert.x-eventloop-thread-0 BaseServiceProxy     : -> GET /sso/ping,200|1279ms
09:59:33.017 INFO  vert.x-eventloop-thread-0 SsoService           : sso ping {"result": "true"}
10:04:32.753 INFO  vert.x-eventloop-thread-0 BaseServiceProxy     : -> GET /sso/ping,200|1010ms
10:04:32.753 INFO  vert.x-eventloop-thread-0 SsoService           : sso ping {"result": "true"}
10:09:32.915 INFO  vert.x-eventloop-thread-0 BaseServiceProxy     : -> GET /sso/ping,200|1171ms
10:09:32.915 INFO  vert.x-eventloop-thread-0 SsoService           : sso ping {"result": "true"}
10:14:33.010 INFO  vert.x-eventloop-thread-0 BaseServiceProxy     : -> GET /sso/ping,200|1269ms
10:14:33.010 INFO  vert.x-eventloop-thread-0 SsoService           : sso ping {"result": "true"}
10:19:32.744 INFO  vert.x-eventloop-thread-0 BaseServiceProxy     : -> GET /sso/ping,200|1007ms
10:19:32.744 INFO  vert.x-eventloop-thread-0 SsoService           : sso ping {"result": "true"}
10:24:33.008 INFO  vert.x-eventloop-thread-0 BaseServiceProxy     : -> GET /sso/ping,200|1266ms
10:24:33.008 INFO  vert.x-eventloop-thread-0 SsoService           : sso ping {"result": "true"}
10:29:32.883 INFO  vert.x-eventloop-thread-0 BaseServiceProxy     : -> GET /sso/ping,200|1140ms
10:29:32.883 INFO  vert.x-eventloop-thread-0 SsoService           : sso ping {"result": "true"}
10:34:32.995 INFO  vert.x-eventloop-thread-0 BaseServiceProxy     : -> GET /sso/ping,200|1261ms
10:34:32.995 INFO  vert.x-eventloop-thread-0 SsoService           : sso ping {"result": "true"}
10:39:32.732 INFO  vert.x-eventloop-thread-0 BaseServiceProxy     : -> GET /sso/ping,200|999ms
10:39:32.732 INFO  vert.x-eventloop-thread-0 SsoService           : sso ping {"result": "true"}
