-> GET /sso/Login?forwardTo=22&RL=1&ip2loc=US
<- 200 GET /sso/Login?forwardTo=22&RL=1&ip2loc=US
-> GET /sso/Templates/otp-responsive.css?1622372953400
-> GET /sso/CombineFiles
<- 200 GET /sso/Templates/otp-responsive.css?1622372953400
<- 200 GET /sso/CombineFiles
-> GET /images/web/favicons/home-screen-icon-128x128.png
<- 200 GET /images/web/favicons/home-screen-icon-128x128.png
-> POST /sso/Authenticator;jsessionid=97CE889A6288BC1EF44A5D24EB4E1BF2.ny5wwwdam1-internet?47187
<- 200 POST /sso/Authenticator;jsessionid=97CE889A6288BC1EF44A5D24EB4E1BF2.ny5wwwdam1-internet?47187
-> POST /sso/Authenticator;jsessionid=97CE889A6288BC1EF44A5D24EB4E1BF2.ny5wwwdam1-internet?49882
<- 200 POST /sso/Authenticator;jsessionid=97CE889A6288BC1EF44A5D24EB4E1BF2.ny5wwwdam1-internet?49882
-> POST /sso/Dispatcher;jsessionid=97CE889A6288BC1EF44A5D24EB4E1BF2.ny5wwwdam1-internet
<- 302 POST /sso/Dispatcher;jsessionid=97CE889A6288BC1EF44A5D24EB4E1BF2.ny5wwwdam1-internet
-> request: /v1/api/sso/validate?gw=1
-> request: /AccountManagement/OneBarAuthentication?json=1
-> GET /AccountManagement/OneBarAuthentication?json=1,404|435ms
-> GET /v1/api/sso/validate?gw=1,200|1341ms
-> request: /v1/api/one/user
-> request: /sso/AuthenticateSSODH?ACTION=INIT
-> sso GET https://api.ibkr.com/sso/AuthenticateSSODH?ACTION=INIT
-> GET /v1/api/one/user,200|150ms
-> request: /sso/AuthenticateSSODH?ACTION=COMPLETE&B=95f8c8f9f488f2053638062e440c9704f42c94c0379e4c5b9d3ce8039115dc52eefbc034c4c826e429fc6e34acd6ff72fbc6aedb43f177c197c76d2a5155520d&CHRESPONSE=02a09bbf48f06f57bb6535ed934569db97d23889
-> sso GET https://api.ibkr.com/sso/AuthenticateSSODH?ACTION=COMPLETE&B=95f8c8f9f488f2053638062e440c9704f42c94c0379e4c5b9d3ce8039115dc52eefbc034c4c826e429fc6e34acd6ff72fbc6aedb43f177c197c76d2a5155520d&CHRESPONSE=02a09bbf48f06f57bb6535ed934569db97d23889
-> request: /sso/Authenticator?ACTION=PUBLISH_TST&RESP_TYPE=JSON&DEVICE_ID=19bdb685|00-15-5D-22-0E-AA
-> sso GET https://api.ibkr.com/sso/Authenticator?ACTION=PUBLISH_TST&RESP_TYPE=JSON&DEVICE_ID=19bdb685|00-15-5D-22-0E-AA
<- 200 GET https://api.ibkr.com/sso/Authenticator?ACTION=PUBLISH_TST&RESP_TYPE=JSON&DEVICE_ID=19bdb685|00-15-5D-22-0E-AA 0
-> request: /v1/api/iserver/auth/status
-> GET /v1/api/iserver/auth/status,200|149ms
-> request: /v1/api/iserver/accounts
-> GET /v1/api/iserver/accounts,200|146ms
-> request: /v1/api/tickle
-> GET /v1/api/tickle,200|569ms
-> request: /v1/api/tickle
-> GET /v1/api/tickle,200|828ms
-> request: /v1/api/tickle
-> GET /v1/api/tickle,200|573ms
-> request: /v1/api/tickle
-> GET /v1/api/tickle,200|878ms
-> request: /v1/api/tickle
-> GET /v1/api/tickle,200|557ms
-> request: /v1/api/tickle
-> GET /v1/api/tickle,200|848ms
-> request: /v1/api/tickle
-> GET /v1/api/tickle,200|576ms
-> request: /v1/api/tickle
-> GET /v1/api/tickle,200|841ms
-> request: /v1/api/tickle
-> GET /v1/api/tickle,200|581ms
-> request: /sso/ping
-> GET /sso/ping,200|986ms
-> request: /v1/api/tickle
-> GET /v1/api/tickle,200|144ms
-> request: /v1/api/tickle
-> GET /v1/api/tickle,200|838ms
-> request: /v1/api/tickle
-> GET /v1/api/tickle,200|581ms
-> request: /v1/api/tickle
-> GET /v1/api/tickle,200|712ms
-> request: /v1/api/tickle
-> GET /v1/api/tickle,200|581ms
-> request: /v1/api/tickle
-> GET /v1/api/tickle,200|852ms
-> request: /v1/api/tickle
-> GET /v1/api/tickle,200|581ms
-> request: /v1/api/tickle
-> GET /v1/api/tickle,200|842ms
-> request: /v1/api/tickle
-> GET /v1/api/tickle,200|568ms
-> request: /v1/api/tickle
-> GET /v1/api/tickle,200|833ms
-> request: /sso/ping
-> GET /sso/ping,200|1007ms
-> request: /v1/api/tickle
-> GET /v1/api/tickle,200|153ms
-> request: /v1/api/tickle
-> GET /v1/api/tickle,200|837ms
-> request: /v1/api/tickle
-> GET /v1/api/tickle,200|593ms
-> request: /v1/api/tickle
-> GET /v1/api/tickle,200|838ms
-> request: /v1/api/tickle
-> GET /v1/api/tickle,200|573ms
-> request: /v1/api/tickle
-> request: /v1/api/tickle
-> request: /v1/api/tickle
-> GET /v1/api/tickle,200|835ms
-> request: /v1/api/tickle
-> GET /v1/api/tickle,200|569ms
-> request: /v1/api/tickle
-> GET /v1/api/tickle,200|729ms
-> request: /sso/ping
-> GET /sso/ping,200|1004ms
-> request: /v1/api/tickle
-> GET /v1/api/tickle,200|149ms
-> request: /v1/api/tickle
-> GET /v1/api/tickle,200|842ms
-> request: /v1/api/tickle
-> GET /v1/api/tickle,200|579ms
-> request: /v1/api/tickle
-> GET /v1/api/tickle,200|693ms
-> request: /v1/api/tickle
-> GET /v1/api/tickle,200|567ms
-> request: /v1/api/tickle
-> GET /v1/api/tickle,200|836ms
-> request: /v1/api/tickle
-> GET /v1/api/tickle,200|575ms
-> request: /v1/api/tickle
-> GET /v1/api/tickle,200|850ms
-> request: /v1/api/tickle
-> GET /v1/api/tickle,200|551ms
-> request: /v1/api/tickle
-> GET /v1/api/tickle,200|840ms
-> request: /sso/ping
-> GET /sso/ping,200|999ms
-> request: /v1/api/tickle
-> GET /v1/api/tickle,200|149ms
-> request: /v1/api/tickle
-> GET /v1/api/tickle,200|840ms
-> request: /v1/api/tickle
-> GET /v1/api/tickle,200|565ms
-> request: /v1/api/tickle
-> GET /v1/api/tickle,200|751ms
-> request: /v1/api/tickle
-> GET /v1/api/tickle,200|555ms
-> request: /v1/api/tickle
-> GET /v1/api/tickle,200|840ms
-> request: /v1/api/tickle
-> GET /v1/api/tickle,200|577ms
-> request: /v1/api/tickle
-> GET /v1/api/tickle,200|851ms
-> request: /v1/api/tickle
-> GET /v1/api/tickle,200|570ms
-> request: /v1/api/tickle
-> GET /v1/api/tickle,200|850ms
-> request: /sso/ping
-> GET /sso/ping,200|1002ms
-> request: /v1/api/tickle
-> GET /v1/api/tickle,200|150ms
-> request: /v1/api/tickle
-> GET /v1/api/tickle,200|847ms
-> request: /v1/api/tickle
-> GET /v1/api/tickle,200|580ms
-> request: /v1/api/tickle
-> GET /v1/api/tickle,200|855ms
-> request: /v1/api/tickle
-> GET /v1/api/tickle,200|577ms
-> request: /v1/api/tickle
-> GET /v1/api/tickle,200|742ms
-> request: /v1/api/tickle
-> GET /v1/api/tickle,200|576ms
-> request: /v1/api/tickle
-> GET /v1/api/tickle,200|604ms
-> request: /v1/api/tickle
-> GET /v1/api/tickle,200|571ms
-> request: /v1/api/tickle
-> GET /v1/api/tickle,200|868ms
-> request: /sso/ping
-> GET /sso/ping,200|989ms
-> request: /v1/api/tickle
-> GET /v1/api/tickle,200|146ms
-> request: /v1/api/tickle
-> GET /v1/api/tickle,200|899ms
-> request: /v1/api/tickle
-> GET /v1/api/tickle,200|562ms
-> request: /v1/api/tickle
-> GET /v1/api/tickle,200|600ms
-> request: /v1/api/tickle
-> GET /v1/api/tickle,200|586ms
-> request: /v1/api/tickle
-> GET /v1/api/tickle,200|842ms
-> request: /v1/api/tickle
-> GET /v1/api/tickle,200|584ms
-> request: /v1/api/tickle
-> GET /v1/api/tickle,200|853ms
-> request: /v1/api/tickle
-> GET /v1/api/tickle,200|572ms
-> request: /v1/api/tickle
-> GET /v1/api/tickle,200|724ms
-> request: /sso/ping
-> GET /sso/ping,200|803ms
-> request: /v1/api/tickle
-> GET /v1/api/tickle,200|154ms
-> request: /v1/api/tickle
-> GET /v1/api/tickle,200|720ms
-> request: /v1/api/tickle
-> GET /v1/api/tickle,200|587ms
-> request: /v1/api/tickle
-> GET /v1/api/tickle,200|845ms
-> request: /v1/api/tickle
-> GET /v1/api/tickle,200|556ms
-> request: /v1/api/tickle
-> GET /v1/api/tickle,200|713ms
-> request: /v1/api/tickle
-> GET /v1/api/tickle,200|583ms
-> request: /v1/api/tickle
-> GET /v1/api/tickle,200|748ms
-> request: /v1/api/tickle
-> GET /v1/api/tickle,200|565ms
-> request: /v1/api/tickle
-> GET /v1/api/tickle,200|702ms
-> request: /sso/ping
-> GET /sso/ping,200|998ms
-> request: /v1/api/tickle
-> GET /v1/api/tickle,200|147ms
-> request: /v1/api/tickle
-> GET /v1/api/tickle,200|719ms
-> request: /v1/api/tickle
-> GET /v1/api/tickle,200|582ms
-> request: /v1/api/tickle
-> GET /v1/api/tickle,200|722ms
-> request: /v1/api/tickle
-> GET /v1/api/tickle,200|569ms
-> request: /v1/api/tickle
-> GET /v1/api/tickle,200|853ms
-> request: /v1/api/tickle
-> GET /v1/api/tickle,200|557ms
-> request: /v1/api/tickle
-> GET /v1/api/tickle,200|719ms
-> request: /v1/api/tickle
-> GET /v1/api/tickle,200|558ms
-> request: /v1/api/tickle
-> GET /v1/api/tickle,200|723ms
-> request: /sso/ping
-> GET /sso/ping,200|786ms
-> request: /v1/api/tickle
-> GET /v1/api/tickle,200|151ms
-> request: /v1/api/tickle
-> GET /v1/api/tickle,200|826ms
-> request: /v1/api/tickle
-> GET /v1/api/tickle,200|572ms
-> request: /v1/api/tickle
-> GET /v1/api/tickle,200|843ms
-> request: /v1/api/tickle
-> GET /v1/api/tickle,200|574ms
-> request: /v1/api/tickle
-> GET /v1/api/tickle,200|841ms
-> request: /v1/api/tickle
-> GET /v1/api/tickle,200|554ms
-> request: /v1/api/tickle
-> GET /v1/api/tickle,200|845ms
-> request: /v1/api/tickle
-> GET /v1/api/tickle,200|588ms
-> request: /v1/api/tickle
-> GET /v1/api/tickle,200|712ms
-> request: /sso/ping
-> GET /sso/ping,200|1011ms
-> request: /v1/api/tickle
-> GET /v1/api/tickle,200|155ms
-> request: /v1/api/tickle
-> GET /v1/api/tickle,200|872ms
-> request: /v1/api/tickle
-> GET /v1/api/tickle,200|581ms
-> request: /v1/api/tickle
-> GET /v1/api/tickle,200|594ms
-> request: /v1/api/tickle
-> request: /v1/api/tickle
-> request: /v1/api/tickle
-> GET /v1/api/tickle,200|566ms
-> request: /v1/api/tickle
-> GET /v1/api/tickle,200|583ms
-> request: /v1/api/tickle
-> GET /v1/api/tickle,200|866ms
-> request: /v1/api/tickle
-> GET /v1/api/tickle,200|550ms
-> request: /sso/ping
-> GET /sso/ping,200|994ms
-> request: /v1/api/tickle
-> GET /v1/api/tickle,200|147ms
-> request: /v1/api/tickle
-> GET /v1/api/tickle,200|817ms
-> request: /v1/api/tickle
-> GET /v1/api/tickle,200|564ms
-> request: /v1/api/tickle
-> GET /v1/api/tickle,200|763ms
-> request: /v1/api/tickle
-> GET /v1/api/tickle,200|569ms
-> request: /v1/api/tickle
-> GET /v1/api/tickle,200|910ms
-> request: /v1/api/tickle
-> GET /v1/api/tickle,200|576ms
-> request: /v1/api/tickle
-> GET /v1/api/tickle,200|585ms
-> request: /v1/api/tickle
-> GET /v1/api/tickle,200|584ms
-> request: /v1/api/tickle
-> GET /v1/api/tickle,200|864ms
-> request: /sso/ping
-> GET /sso/ping,200|1004ms
-> request: /v1/api/tickle
-> GET /v1/api/tickle,200|150ms
-> request: /v1/api/tickle
-> GET /v1/api/tickle,200|584ms
-> request: /v1/api/tickle
-> GET /v1/api/tickle,200|553ms
-> request: /v1/api/tickle
-> GET /v1/api/tickle,200|878ms
-> request: /v1/api/tickle
-> GET /v1/api/tickle,200|583ms
-> request: /v1/api/tickle
-> GET /v1/api/tickle,200|577ms
-> request: /v1/api/tickle
-> GET /v1/api/tickle,200|550ms
-> request: /v1/api/tickle
-> GET /v1/api/tickle,200|825ms
-> request: /v1/api/tickle
-> GET /v1/api/tickle,200|571ms
-> request: /v1/api/tickle
-> GET /v1/api/tickle,200|590ms
-> request: /sso/ping
-> GET /sso/ping,200|791ms
-> request: /v1/api/tickle
-> GET /v1/api/tickle,200|149ms
-> request: /v1/api/tickle
-> GET /v1/api/tickle,200|825ms
-> request: /v1/api/tickle
-> GET /v1/api/tickle,200|557ms
-> request: /v1/api/tickle
-> GET /v1/api/tickle,200|591ms
-> request: /v1/api/tickle
-> GET /v1/api/tickle,200|584ms
-> request: /v1/api/tickle
-> GET /v1/api/tickle,200|816ms
-> request: /v1/api/tickle
-> GET /v1/api/tickle,200|585ms
-> request: /v1/api/tickle
-> GET /v1/api/tickle,200|581ms
-> request: /v1/api/tickle
-> request: /v1/api/tickle
-> request: /sso/ping
-> request: /v1/api/tickle
-> GET /v1/api/tickle,200|567ms
-> GET /sso/ping,200|8102ms
-> request: /v1/api/tickle
-> GET /v1/api/tickle,200|579ms
-> request: /v1/api/tickle
-> GET /v1/api/tickle,200|858ms
-> request: /v1/api/tickle
-> GET /v1/api/tickle,200|583ms
-> request: /v1/api/tickle
-> GET /v1/api/tickle,200|562ms
-> request: /v1/api/tickle
-> GET /v1/api/tickle,200|586ms
-> request: /v1/api/tickle
-> GET /v1/api/tickle,200|587ms
-> request: /v1/api/tickle
-> GET /v1/api/tickle,200|551ms
-> request: /v1/api/tickle
-> GET /v1/api/tickle,200|782ms
-> request: /v1/api/logout
-> GET /v1/api/logout,200|420ms
-> request: /v1/api/tickle
-> GET /v1/api/tickle,200|562ms
-> request: /sso/ping
-> GET /sso/ping,200|1139ms
-> request: /v1/api/tickle
-> GET /v1/api/tickle,200|149ms
-> request: /v1/api/tickle
-> GET /v1/api/tickle,200|562ms
-> request: /v1/api/tickle
-> GET /v1/api/tickle,200|560ms
-> request: /v1/api/tickle
-> GET /v1/api/tickle,200|870ms
-> request: /v1/api/tickle
-> GET /v1/api/tickle,200|573ms
-> request: /v1/api/tickle
-> GET /v1/api/tickle,200|560ms
-> request: /v1/api/tickle
-> GET /v1/api/tickle,200|574ms
-> request: /v1/api/tickle
-> GET /v1/api/tickle,200|894ms
-> request: /v1/api/tickle
-> GET /v1/api/tickle,200|555ms
-> request: /v1/api/tickle
-> GET /v1/api/tickle,200|562ms
-> request: /sso/ping
-> GET /sso/ping,200|1009ms
-> request: /v1/api/tickle
-> GET /v1/api/tickle,200|152ms
-> request: /v1/api/tickle
-> GET /v1/api/tickle,200|841ms
-> request: /v1/api/tickle
-> GET /v1/api/tickle,200|572ms
-> request: /v1/api/tickle
-> GET /v1/api/tickle,200|558ms
-> request: /v1/api/tickle
-> GET /v1/api/tickle,200|876ms
-> request: /v1/api/tickle
-> GET /v1/api/tickle,200|571ms
-> request: /v1/api/tickle
-> GET /v1/api/tickle,200|582ms
-> request: /v1/api/tickle
-> GET /v1/api/tickle,200|580ms
-> request: /v1/api/tickle
-> GET /v1/api/tickle,200|895ms
-> request: /v1/api/tickle
-> GET /v1/api/tickle,200|564ms
-> request: /sso/ping
-> GET /sso/ping,200|984ms
-> request: /v1/api/tickle
-> GET /v1/api/tickle,200|148ms
-> request: /v1/api/tickle
-> GET /v1/api/tickle,200|565ms
-> request: /v1/api/tickle
-> GET /v1/api/tickle,200|573ms
-> request: /v1/api/tickle
-> GET /v1/api/tickle,200|879ms
-> request: /v1/api/tickle
-> request: /v1/api/tickle
-> request: /v1/api/tickle
-> GET /v1/api/tickle,200|875ms
-> request: /v1/api/tickle
-> GET /v1/api/tickle,200|561ms
-> request: /v1/api/tickle
-> GET /v1/api/tickle,200|567ms
-> request: /v1/api/tickle
-> GET /v1/api/tickle,200|891ms
-> request: /sso/ping
-> GET /sso/ping,200|1024ms
-> request: /v1/api/tickle
-> GET /v1/api/tickle,200|153ms
-> request: /v1/api/tickle
-> GET /v1/api/tickle,200|591ms
-> request: /v1/api/tickle
-> GET /v1/api/tickle,200|564ms
-> request: /v1/api/tickle
-> GET /v1/api/tickle,200|581ms
-> request: /v1/api/tickle
-> GET /v1/api/tickle,200|549ms
-> request: /v1/api/tickle
-> GET /v1/api/tickle,200|894ms
-> request: /v1/api/tickle
-> GET /v1/api/tickle,200|558ms
-> request: /v1/api/tickle
-> GET /v1/api/tickle,200|587ms
-> request: /v1/api/tickle
-> GET /v1/api/tickle,200|580ms
-> request: /v1/api/tickle
-> GET /v1/api/tickle,200|728ms
-> request: /sso/ping
-> GET /sso/ping,200|1015ms
-> request: /v1/api/tickle
-> GET /v1/api/tickle,200|151ms
-> request: /v1/api/tickle
-> GET /v1/api/tickle,200|875ms
-> request: /v1/api/tickle
-> GET /v1/api/tickle,200|561ms
-> request: /v1/api/tickle
-> GET /v1/api/tickle,200|572ms
-> request: /v1/api/tickle
-> GET /v1/api/tickle,200|869ms
-> request: /v1/api/tickle
-> GET /v1/api/tickle,200|556ms
-> request: /v1/api/tickle
-> GET /v1/api/tickle,200|587ms
-> request: /v1/api/tickle
-> GET /v1/api/tickle,200|555ms
-> request: /v1/api/tickle
-> GET /v1/api/tickle,200|871ms
-> request: /v1/api/tickle
-> GET /v1/api/tickle,200|571ms
-> request: /sso/ping
-> GET /sso/ping,200|996ms
-> request: /v1/api/tickle
-> GET /v1/api/tickle,200|147ms
-> request: /v1/api/tickle
-> GET /v1/api/tickle,200|559ms
-> request: /v1/api/tickle
-> GET /v1/api/tickle,200|585ms
-> request: /v1/api/tickle
-> GET /v1/api/tickle,200|883ms
-> request: /v1/api/tickle
-> GET /v1/api/tickle,200|577ms
-> request: /v1/api/tickle
-> GET /v1/api/tickle,200|575ms
-> request: /v1/api/tickle
-> GET /v1/api/tickle,200|594ms
-> request: /v1/api/tickle
-> GET /v1/api/tickle,200|556ms
-> request: /v1/api/tickle
-> GET /v1/api/tickle,200|568ms
-> request: /v1/api/tickle
-> GET /v1/api/tickle,200|580ms
-> request: /sso/ping
-> GET /sso/ping,200|1099ms
-> request: /v1/api/tickle
-> GET /v1/api/tickle,200|147ms
-> request: /v1/api/tickle
-> GET /v1/api/tickle,200|561ms
-> request: /v1/api/tickle
-> GET /v1/api/tickle,200|870ms
-> request: /v1/api/tickle
-> GET /v1/api/tickle,200|582ms
-> request: /v1/api/tickle
-> GET /v1/api/tickle,200|587ms
-> request: /v1/api/tickle
-> GET /v1/api/tickle,200|561ms
-> request: /v1/api/tickle
-> GET /v1/api/tickle,200|893ms
-> request: /v1/api/tickle
-> GET /v1/api/tickle,200|547ms
-> request: /v1/api/tickle
-> GET /v1/api/tickle,200|563ms
-> request: /v1/api/tickle
-> GET /v1/api/tickle,200|566ms
-> request: /sso/ping
-> GET /sso/ping,200|1032ms
-> request: /v1/api/tickle
-> GET /v1/api/tickle,200|151ms
-> request: /v1/api/tickle
-> GET /v1/api/tickle,200|740ms
-> request: /v1/api/tickle
-> GET /v1/api/tickle,200|571ms
-> request: /v1/api/tickle
-> GET /v1/api/tickle,200|881ms
-> request: /v1/api/tickle
-> GET /v1/api/tickle,200|577ms
-> request: /v1/api/tickle
-> GET /v1/api/tickle,200|673ms
-> request: /v1/api/tickle
-> GET /v1/api/tickle,200|9754ms
-> request: /v1/api/tickle
-> GET /v1/api/tickle,200|897ms
-> request: /v1/api/tickle
-> GET /v1/api/tickle,200|551ms
-> request: /v1/api/tickle
-> GET /v1/api/tickle,200|577ms
-> request: /sso/ping
-> GET /sso/ping,200|1001ms
-> request: /v1/api/tickle
-> GET /v1/api/tickle,200|149ms
-> request: /v1/api/tickle
-> GET /v1/api/tickle,200|589ms
-> request: /v1/api/tickle
-> GET /v1/api/tickle,200|547ms
-> request: /v1/api/tickle
-> GET /v1/api/tickle,200|866ms
-> request: /v1/api/tickle
-> GET /v1/api/tickle,200|566ms
-> request: /v1/api/tickle
-> GET /v1/api/tickle,200|585ms
-> request: /v1/api/tickle
-> GET /v1/api/tickle,200|579ms
-> request: /v1/api/tickle
-> GET /v1/api/tickle,200|575ms
-> request: /v1/api/tickle
-> GET /v1/api/tickle,200|575ms
-> request: /v1/api/tickle
-> GET /v1/api/tickle,200|869ms
-> request: /sso/ping
-> GET /sso/ping,200|1011ms
-> request: /v1/api/tickle
-> GET /v1/api/tickle,200|156ms
-> request: /v1/api/tickle
-> GET /v1/api/tickle,200|584ms
-> request: /v1/api/tickle
-> GET /v1/api/tickle,200|569ms
-> request: /v1/api/tickle
-> GET /v1/api/tickle,200|577ms
-> request: /v1/api/tickle
-> GET /v1/api/tickle,200|569ms
-> request: /v1/api/tickle
-> GET /v1/api/tickle,200|881ms
-> request: /v1/api/tickle
-> GET /v1/api/tickle,200|566ms
-> request: /v1/api/tickle
-> GET /v1/api/tickle,200|573ms
-> request: /v1/api/tickle
-> GET /v1/api/tickle,200|637ms
-> request: /v1/api/tickle
-> GET /v1/api/tickle,200|878ms
-> request: /sso/ping
-> GET /sso/ping,200|986ms
-> request: /v1/api/tickle
-> GET /v1/api/tickle,200|146ms
-> request: /v1/api/tickle
-> GET /v1/api/tickle,200|582ms
-> request: /v1/api/tickle
-> GET /v1/api/tickle,200|679ms
-> request: /v1/api/tickle
-> GET /v1/api/tickle,200|883ms
-> request: /v1/api/tickle
-> GET /v1/api/tickle,200|573ms
-> request: /v1/api/tickle
-> GET /v1/api/tickle,200|557ms
-> request: /v1/api/tickle
-> GET /v1/api/tickle,200|5426ms
-> request: /v1/api/tickle
-> GET /v1/api/tickle,200|886ms
-> request: /v1/api/tickle
-> GET /v1/api/tickle,200|572ms
-> request: /v1/api/tickle
-> GET /v1/api/tickle,200|578ms
-> request: /sso/ping
-> GET /sso/ping,200|1013ms
-> request: /v1/api/tickle
-> GET /v1/api/tickle,200|156ms
-> request: /v1/api/tickle
-> request: /v1/api/tickle
-> request: /v1/api/tickle
-> request: /v1/api/tickle
-> GET /v1/api/tickle,200|570ms
-> request: /v1/api/tickle
-> GET /v1/api/tickle,200|568ms
-> request: /v1/api/tickle
-> GET /v1/api/tickle,200|886ms
-> request: /v1/api/tickle
-> GET /v1/api/tickle,200|555ms
-> request: /v1/api/tickle
-> GET /v1/api/tickle,200|557ms
-> request: /v1/api/tickle
-> GET /v1/api/tickle,200|574ms
-> request: /sso/ping
-> GET /sso/ping,200|1300ms
-> request: /v1/api/tickle
-> GET /v1/api/tickle,200|142ms
-> request: /v1/api/tickle
-> GET /v1/api/tickle,200|552ms
-> request: /v1/api/tickle
-> GET /v1/api/tickle,200|584ms
-> request: /v1/api/tickle
-> GET /v1/api/tickle,200|884ms
-> request: /v1/api/tickle
-> GET /v1/api/tickle,200|574ms
-> request: /v1/api/tickle
-> GET /v1/api/tickle,200|581ms
-> request: /v1/api/tickle
-> GET /v1/api/tickle,200|571ms
-> request: /v1/api/tickle
-> GET /v1/api/tickle,200|885ms
-> request: /v1/api/tickle
-> GET /v1/api/tickle,200|559ms
-> request: /v1/api/tickle
-> GET /v1/api/tickle,200|587ms
-> request: /sso/ping
-> GET /sso/ping,200|1035ms
-> request: /v1/api/tickle
-> GET /v1/api/tickle,200|152ms
-> request: /v1/api/tickle
-> GET /v1/api/tickle,200|737ms
-> request: /v1/api/tickle
-> GET /v1/api/tickle,200|573ms
-> request: /v1/api/tickle
-> GET /v1/api/tickle,200|873ms
-> request: /v1/api/tickle
-> GET /v1/api/tickle,200|585ms
-> request: /v1/api/tickle
-> GET /v1/api/tickle,200|895ms
-> request: /v1/api/tickle
-> GET /v1/api/tickle,200|578ms
-> request: /v1/api/tickle
-> GET /v1/api/tickle,200|573ms
-> request: /v1/api/tickle
-> GET /v1/api/tickle,200|573ms
-> request: /v1/api/tickle
-> GET /v1/api/tickle,200|879ms
-> request: /sso/ping
-> GET /sso/ping,200|998ms
-> request: /v1/api/tickle
-> GET /v1/api/tickle,200|151ms
-> request: /v1/api/tickle
-> GET /v1/api/tickle,200|571ms
-> request: /v1/api/tickle
-> GET /v1/api/tickle,200|569ms
-> request: /v1/api/tickle
-> GET /v1/api/tickle,200|599ms
-> request: /v1/api/tickle
-> GET /v1/api/tickle,200|596ms
-> request: /v1/api/tickle
-> GET /v1/api/tickle,200|573ms
-> request: /v1/api/tickle
-> GET /v1/api/tickle,200|587ms
-> request: /v1/api/tickle
-> GET /v1/api/tickle,200|963ms
-> request: /v1/api/tickle
-> GET /v1/api/tickle,200|603ms
-> request: /v1/api/tickle
-> GET /v1/api/tickle,200|622ms
-> request: /sso/ping
-> GET /sso/ping,200|992ms
-> request: /v1/api/tickle
-> GET /v1/api/tickle,200|147ms
-> request: /v1/api/tickle
-> GET /v1/api/tickle,200|904ms
-> request: /v1/api/tickle
-> GET /v1/api/tickle,200|616ms
-> request: /v1/api/tickle
-> GET /v1/api/tickle,200|612ms
-> request: /v1/api/tickle
-> GET /v1/api/tickle,200|588ms
-> request: /v1/api/tickle
-> GET /v1/api/tickle,200|860ms
-> request: /v1/api/tickle
-> GET /v1/api/tickle,200|580ms
-> request: /v1/api/tickle
-> GET /v1/api/tickle,200|632ms
-> request: /v1/api/tickle
-> GET /v1/api/tickle,200|552ms
-> request: /v1/api/tickle
-> GET /v1/api/tickle,200|842ms
-> request: /sso/ping
-> GET /sso/ping,200|1009ms
-> request: /v1/api/tickle
-> GET /v1/api/tickle,200|186ms
-> request: /v1/api/tickle
-> GET /v1/api/tickle,200|597ms
-> request: /v1/api/tickle
-> GET /v1/api/tickle,200|640ms
-> request: /v1/api/tickle
-> GET /v1/api/tickle,200|873ms
-> request: /v1/api/tickle
-> GET /v1/api/tickle,200|611ms
-> request: /v1/api/tickle
-> GET /v1/api/tickle,200|874ms
-> request: /v1/api/tickle
-> GET /v1/api/tickle,200|635ms
-> request: /v1/api/tickle
-> GET /v1/api/tickle,200|631ms
-> request: /v1/api/tickle
-> GET /v1/api/tickle,200|609ms
-> request: /v1/api/tickle
-> GET /v1/api/tickle,200|883ms
-> request: /sso/ping
-> GET /sso/ping,200|791ms
-> request: /v1/api/tickle
-> GET /v1/api/tickle,200|193ms
-> request: /v1/api/tickle
-> GET /v1/api/tickle,200|648ms
-> request: /v1/api/tickle
-> GET /v1/api/tickle,200|626ms
-> request: /v1/api/tickle
-> GET /v1/api/tickle,200|901ms
-> request: /v1/api/tickle
-> GET /v1/api/tickle,200|623ms
-> request: /v1/api/tickle
-> GET /v1/api/tickle,200|623ms
-> request: /v1/api/tickle
-> GET /v1/api/tickle,200|598ms
-> request: /v1/api/tickle
-> GET /v1/api/tickle,200|890ms
-> request: /v1/api/tickle
-> GET /v1/api/tickle,200|620ms
-> request: /v1/api/tickle
-> GET /v1/api/tickle,200|625ms
-> request: /sso/ping
-> GET /sso/ping,200|983ms
-> request: /v1/api/tickle
-> GET /v1/api/tickle,200|166ms
-> request: /v1/api/tickle
-> GET /v1/api/tickle,200|904ms
-> request: /v1/api/tickle
-> request: /v1/api/tickle
-> request: /v1/api/tickle
-> GET /v1/api/tickle,200|7639ms
-> request: /v1/api/tickle
-> GET /v1/api/tickle,200|605ms
-> request: /v1/api/tickle
-> GET /v1/api/tickle,200|892ms
-> request: /v1/api/tickle
-> GET /v1/api/tickle,200|617ms
-> request: /v1/api/tickle
-> GET /v1/api/tickle,200|635ms
-> request: /v1/api/tickle
-> GET /v1/api/tickle,200|631ms
-> request: /sso/ping
-> GET /sso/ping,200|1029ms
-> request: /v1/api/tickle
-> GET /v1/api/tickle,200|197ms
