-> request: /v1/api/tickle
-> GET /v1/api/tickle,200|595ms
-> request: /v1/api/tickle
-> GET /v1/api/tickle,200|885ms
-> request: /v1/api/tickle
-> GET /v1/api/tickle,200|596ms
-> request: /v1/api/tickle
-> GET /v1/api/tickle,200|609ms
-> request: /v1/api/tickle
-> GET /v1/api/tickle,200|580ms
-> request: /v1/api/tickle
-> GET /v1/api/tickle,200|804ms
-> request: /v1/api/tickle
-> GET /v1/api/tickle,200|622ms
-> request: /v1/api/tickle
-> GET /v1/api/tickle,200|856ms
-> request: /v1/api/tickle
-> GET /v1/api/tickle,200|589ms
-> request: /sso/ping
-> GET /sso/ping,200|1006ms
-> request: /v1/api/tickle
-> GET /v1/api/tickle,200|174ms
-> request: /v1/api/tickle
-> GET /v1/api/tickle,200|887ms
-> request: /v1/api/tickle
-> GET /v1/api/tickle,200|612ms
-> request: /v1/api/tickle
-> GET /v1/api/tickle,200|618ms
-> request: /v1/api/tickle
-> GET /v1/api/tickle,200|640ms
-> request: /v1/api/tickle
-> GET /v1/api/tickle,200|892ms
-> request: /v1/api/tickle
-> GET /v1/api/tickle,200|591ms
-> request: /v1/api/tickle
-> GET /v1/api/tickle,200|582ms
-> request: /v1/api/tickle
-> GET /v1/api/tickle,200|585ms
-> request: /v1/api/tickle
-> GET /v1/api/tickle,200|599ms
-> request: /sso/ping
-> GET /sso/ping,200|997ms
-> request: /v1/api/tickle
-> GET /v1/api/tickle,200|165ms
-> request: /v1/api/tickle
-> GET /v1/api/tickle,200|895ms
-> request: /v1/api/tickle
-> GET /v1/api/tickle,200|624ms
-> request: /v1/api/tickle
-> GET /v1/api/tickle,200|622ms
-> request: /v1/api/tickle
-> GET /v1/api/tickle,200|619ms
-> request: /v1/api/tickle
-> GET /v1/api/tickle,200|779ms
-> request: /v1/api/tickle
-> GET /v1/api/tickle,200|625ms
-> request: /v1/api/tickle
-> GET /v1/api/tickle,200|873ms
-> request: /v1/api/tickle
-> GET /v1/api/tickle,200|603ms
-> request: /v1/api/tickle
-> GET /v1/api/tickle,200|630ms
-> request: /sso/ping
-> GET /sso/ping,200|796ms
-> request: /v1/api/tickle
-> GET /v1/api/tickle,200|200ms
-> request: /v1/api/tickle
-> GET /v1/api/tickle,200|659ms
-> request: /v1/api/tickle
-> GET /v1/api/tickle,200|614ms
-> request: /v1/api/tickle
-> GET /v1/api/tickle,200|874ms
-> request: /v1/api/tickle
-> GET /v1/api/tickle,200|609ms
-> request: /v1/api/tickle
-> GET /v1/api/tickle,200|591ms
-> request: /v1/api/tickle
-> GET /v1/api/tickle,200|634ms
-> request: /v1/api/tickle
-> GET /v1/api/tickle,200|653ms
-> request: /v1/api/tickle
-> GET /v1/api/tickle,200|608ms
-> request: /v1/api/tickle
-> GET /v1/api/tickle,401|2426ms
-> request: /v1/api/sso/validate?gw=1
-> GET /v1/api/sso/validate?gw=1,401|720ms
-> request: /v1/api/sso/validate?gw=1
-> GET /v1/api/sso/validate?gw=1,401|390ms
-> request: /v1/api/sso/validate?gw=1
-> GET /v1/api/sso/validate?gw=1,401|389ms
-> request: /v1/api/sso/validate?gw=1
-> GET /v1/api/sso/validate?gw=1,401|388ms
-> request: /v1/api/sso/validate?gw=1
-> GET /v1/api/sso/validate?gw=1,401|389ms
-> request: /sso/ping
-> GET /sso/ping,200|1058ms
-> request: /sso/ping
-> GET /sso/ping,200|1282ms
-> request: /sso/ping
-> GET /sso/ping,200|1267ms
-> request: /sso/ping
-> GET /sso/ping,200|1271ms
-> request: /sso/ping
-> GET /sso/ping,200|1317ms
-> request: /sso/ping
-> GET /sso/ping,200|1025ms
-> request: /sso/ping
-> GET /sso/ping,200|1096ms
-> request: /sso/ping
-> GET /sso/ping,200|1326ms
-> request: /sso/ping
-> GET /sso/ping,200|1171ms
-> request: /sso/ping
-> GET /sso/ping,200|1330ms
-> request: /sso/ping
-> GET /sso/ping,200|1333ms
-> request: /sso/ping
-> GET /sso/ping,200|1028ms
-> request: /sso/ping
-> GET /sso/ping,200|1296ms
-> request: /sso/ping
-> GET /sso/ping,200|997ms
-> request: /sso/ping
-> GET /sso/ping,200|1327ms
-> request: /sso/ping
-> GET /sso/ping,200|1196ms
-> request: /sso/ping
-> GET /sso/ping,200|1024ms
-> request: /sso/ping
-> GET /sso/ping,200|1394ms
-> request: /sso/ping
-> GET /sso/ping,200|1322ms
-> request: /sso/ping
-> GET /sso/ping,200|1030ms
-> request: /sso/ping
-> GET /sso/ping,200|1331ms
-> request: /sso/ping
-> GET /sso/ping,200|1309ms
-> request: /sso/ping
-> GET /sso/ping,200|1026ms
-> request: /sso/ping
-> GET /sso/ping,200|1031ms
-> request: /sso/ping
-> GET /sso/ping,200|1280ms
-> request: /sso/ping
-> GET /sso/ping,200|1031ms
-> request: /sso/ping
-> GET /sso/ping,200|1281ms
-> request: /sso/ping
-> GET /sso/ping,200|1273ms
-> request: /sso/ping
-> GET /sso/ping,200|1027ms
-> request: /sso/ping
-> GET /sso/ping,200|1247ms
-> request: /sso/ping
-> GET /sso/ping,200|1266ms
-> request: /sso/ping
-> GET /sso/ping,200|1010ms
-> request: /sso/ping
-> GET /sso/ping,200|1281ms
-> request: /sso/ping
-> GET /sso/ping,200|1074ms
-> request: /sso/ping
-> GET /sso/ping,200|1017ms
-> request: /sso/ping
-> GET /sso/ping,200|1096ms
-> request: /sso/ping
-> GET /sso/ping,200|1281ms
-> request: /sso/ping
-> GET /sso/ping,200|1016ms
-> request: /sso/ping
-> GET /sso/ping,200|1310ms
-> request: /sso/ping
-> GET /sso/ping,200|1280ms
-> request: /sso/ping
-> GET /sso/ping,200|788ms
-> request: /sso/ping
-> GET /sso/ping,200|1258ms
-> request: /sso/ping
-> GET /sso/ping,200|1251ms
-> request: /sso/ping
-> GET /sso/ping,200|1021ms
-> request: /sso/ping
-> GET /sso/ping,200|1047ms
-> request: /sso/ping
-> GET /sso/ping,200|1261ms
-> request: /sso/ping
-> GET /sso/ping,200|1141ms
-> request: /sso/ping
-> GET /sso/ping,200|1035ms
-> request: /sso/ping
-> GET /sso/ping,200|1268ms
-> request: /sso/ping
-> GET /sso/ping,200|1017ms
-> request: /sso/ping
-> GET /sso/ping,200|1053ms
-> request: /sso/ping
-> GET /sso/ping,200|1057ms
-> request: /sso/ping
-> GET /sso/ping,200|1022ms
-> request: /sso/ping
-> GET /sso/ping,200|1296ms
-> request: /sso/ping
-> GET /sso/ping,200|1253ms
-> request: /sso/ping
-> GET /sso/ping,200|1134ms
-> request: /sso/ping
-> GET /sso/ping,200|1301ms
-> request: /sso/ping
-> GET /sso/ping,200|1280ms
-> request: /sso/ping
-> GET /sso/ping,200|1139ms
-> request: /sso/ping
-> GET /sso/ping,200|1296ms
-> request: /sso/ping
-> GET /sso/ping,200|1251ms
-> request: /sso/ping
-> GET /sso/ping,200|1004ms
-> request: /sso/ping
-> GET /sso/ping,200|1256ms
-> request: /sso/ping
-> GET /sso/ping,200|1018ms
-> request: /sso/ping
-> GET /sso/ping,200|1032ms
-> request: /sso/ping
-> GET /sso/ping,200|1269ms
-> request: /sso/ping
-> GET /sso/ping,200|1019ms
-> request: /sso/ping
-> GET /sso/ping,200|1278ms
-> request: /sso/ping
-> GET /sso/ping,200|1265ms
-> request: /sso/ping
-> GET /sso/ping,200|1010ms
-> request: /sso/ping
-> GET /sso/ping,200|1055ms
-> request: /sso/ping
-> GET /sso/ping,200|1066ms
-> request: /sso/ping
-> GET /sso/ping,200|1027ms
-> request: /sso/ping
-> GET /sso/ping,200|1280ms
-> request: /sso/ping
-> GET /sso/ping,200|1288ms
-> request: /sso/ping
-> GET /sso/ping,200|1267ms
-> request: /sso/ping
-> GET /sso/ping,200|1056ms
-> request: /sso/ping
-> GET /sso/ping,200|1251ms
-> request: /sso/ping
-> GET /sso/ping,200|1264ms
-> request: /sso/ping
-> GET /sso/ping,200|1285ms
-> request: /sso/ping
-> GET /sso/ping,200|1287ms
-> request: /sso/ping
-> GET /sso/ping,200|1170ms
-> request: /sso/ping
-> GET /sso/ping,200|1052ms
-> request: /sso/ping
-> GET /sso/ping,200|1169ms
-> request: /sso/ping
-> GET /sso/ping,200|1077ms
-> request: /sso/ping
-> GET /sso/ping,200|1294ms
-> request: /sso/ping
-> GET /sso/ping,200|1265ms
-> request: /sso/ping
-> GET /sso/ping,200|1376ms
-> request: /sso/ping
-> GET /sso/ping,200|1263ms
-> request: /sso/ping
-> GET /sso/ping,200|1308ms
-> request: /sso/ping
-> GET /sso/ping,200|1275ms
-> request: /sso/ping
-> GET /sso/ping,200|1278ms
-> request: /sso/ping
-> GET /sso/ping,200|1291ms
-> request: /sso/ping
-> GET /sso/ping,200|1141ms
-> request: /sso/ping
-> GET /sso/ping,200|1265ms
-> request: /sso/ping
-> GET /sso/ping,200|1274ms
-> request: /sso/ping
-> GET /sso/ping,200|1007ms
-> request: /sso/ping
-> GET /sso/ping,200|1292ms
-> request: /sso/ping
-> GET /sso/ping,200|1292ms
-> request: /sso/ping
-> GET /sso/ping,200|1268ms
-> request: /sso/ping
-> GET /sso/ping,200|1290ms
-> request: /sso/ping
-> GET /sso/ping,200|1312ms
-> request: /sso/ping
-> GET /sso/ping,200|1280ms
-> request: /sso/ping
-> GET /sso/ping,200|1266ms
-> request: /sso/ping
-> GET /sso/ping,200|1148ms
-> request: /sso/ping
-> GET /sso/ping,200|1009ms
-> request: /sso/ping
-> GET /sso/ping,200|1268ms
-> request: /sso/ping
-> GET /sso/ping,200|1258ms
-> request: /sso/ping
-> GET /sso/ping,200|1303ms
-> request: /sso/ping
-> GET /sso/ping,200|1157ms
-> request: /sso/ping
-> GET /sso/ping,200|1011ms
-> request: /sso/ping
-> GET /sso/ping,200|1273ms
-> request: /sso/ping
-> GET /sso/ping,200|1016ms
-> request: /sso/ping
-> GET /sso/ping,200|1253ms
-> request: /sso/ping
-> GET /sso/ping,200|1139ms
-> request: /sso/ping
-> GET /sso/ping,200|1248ms
-> request: /sso/ping
-> GET /sso/ping,200|1279ms
-> request: /sso/ping
-> GET /sso/ping,200|1010ms
-> request: /sso/ping
-> GET /sso/ping,200|1171ms
-> request: /sso/ping
-> GET /sso/ping,200|1269ms
-> request: /sso/ping
-> GET /sso/ping,200|1007ms
-> request: /sso/ping
-> GET /sso/ping,200|1266ms
-> request: /sso/ping
-> GET /sso/ping,200|1140ms
-> request: /sso/ping
-> GET /sso/ping,200|1261ms
-> request: /sso/ping
-> GET /sso/ping,200|999ms
